[20Jan2024 01:12:53.793] [main/INFO] [cpw.mods.modlauncher.Launcher/MODLAUNCHER]: ModLauncher running: args [--launchTarget, forgeserver, --fml.forgeVersion, 43.2.0, --fml.mcVersion, 1.19.2, --fml.forgeGroup, net.minecraftforge, --fml.mcpVersion, 20220805.130853]
[20Jan2024 01:12:53.796] [main/INFO] [cpw.mods.modlauncher.Launcher/MODLAUNCHER]: ModLauncher 10.0.8+10.0.8+main.0ef7e830 starting: java version 17.0.9 by Private Build; OS Linux arch amd64 version 5.15.0-91-generic
[20Jan2024 01:12:53.815] [main/DEBUG] [cpw.mods.modlauncher.LaunchServiceHandler/MODLAUNCHER]: Found launch services [fmlclientdev,forgeclient,minecraft,forgegametestserverdev,fmlserveruserdev,fmlclient,fmldatauserdev,forgeserverdev,forgeserveruserdev,forgeclientdev,forgeclientuserdev,forgeserver,forgedatadev,fmlserver,fmlclientuserdev,fmlserverdev,forgedatauserdev,testharness,forgegametestserveruserdev]
[20Jan2024 01:12:53.826] [main/DEBUG] [cpw.mods.modlauncher.NameMappingServiceHandler/MODLAUNCHER]: Found naming services : [srgtomcp]
[20Jan2024 01:12:53.837] [main/DEBUG] [cpw.mods.modlauncher.LaunchPluginHandler/MODLAUNCHER]: Found launch plugins: [mixin,eventbus,slf4jfixer,object_holder_definalize,runtime_enum_extender,capability_token_subclass,accesstransformer,runtimedistcleaner]
[20Jan2024 01:12:53.846] [main/DEBUG] [cpw.mods.modlauncher.TransformationServicesHandler/MODLAUNCHER]: Discovering transformation services
[20Jan2024 01:12:54.148] [main/DEBUG] [cpw.mods.modlauncher.TransformationServicesHandler/MODLAUNCHER]: Found additional transformation services from discovery services: 
[20Jan2024 01:12:54.156] [main/DEBUG] [cpw.mods.modlauncher.TransformationServicesHandler/MODLAUNCHER]: Found transformer services : [mixin,fml]
[20Jan2024 01:12:54.156] [main/DEBUG] [cpw.mods.modlauncher.TransformationServicesHandler/MODLAUNCHER]: Transformation services loading
[20Jan2024 01:12:54.156] [main/DEBUG] [cpw.mods.modlauncher.TransformationServiceDecorator/MODLAUNCHER]: Loading service mixin
[20Jan2024 01:12:54.156] [main/DEBUG] [cpw.mods.modlauncher.TransformationServiceDecorator/MODLAUNCHER]: Loaded service mixin
[20Jan2024 01:12:54.157] [main/DEBUG] [cpw.mods.modlauncher.TransformationServiceDecorator/MODLAUNCHER]: Loading service fml
[20Jan2024 01:12:54.158] [main/DEBUG] [net.minecraftforge.fml.loading.LauncherVersion/CORE]: Found FMLLauncher version 1.0
[20Jan2024 01:12:54.159] [main/DEBUG] [net.minecraftforge.fml.loading.FMLLoader/CORE]: FML 1.0 loading
[20Jan2024 01:12:54.159] [main/DEBUG] [net.minecraftforge.fml.loading.FMLLoader/CORE]: FML found ModLauncher version : 10.0.8+10.0.8+main.0ef7e830
[20Jan2024 01:12:54.159] [main/DEBUG] [net.minecraftforge.fml.loading.FMLLoader/CORE]: FML found AccessTransformer version : 8.0.4+66+master.c09db6d7
[20Jan2024 01:12:54.159] [main/DEBUG] [net.minecraftforge.fml.loading.FMLLoader/CORE]: FML found EventBus version : 6.0.3+6.0.3+master.039e4ea9
[20Jan2024 01:12:54.159] [main/DEBUG] [net.minecraftforge.fml.loading.FMLLoader/CORE]: Found Runtime Dist Cleaner
[20Jan2024 01:12:54.161] [main/DEBUG] [net.minecraftforge.fml.loading.FMLLoader/CORE]: FML found CoreMod version : 5.0.1+15+master.dc5a2922
[20Jan2024 01:12:54.161] [main/DEBUG] [net.minecraftforge.fml.loading.FMLLoader/CORE]: Found ForgeSPI package implementation version 6.0.0+6.0.0+master.42474703
[20Jan2024 01:12:54.161] [main/DEBUG] [net.minecraftforge.fml.loading.FMLLoader/CORE]: Found ForgeSPI package specification 5
[20Jan2024 01:12:54.170] [main/DEBUG] [cpw.mods.modlauncher.TransformationServiceDecorator/MODLAUNCHER]: Loaded service fml
[20Jan2024 01:12:54.171] [main/DEBUG] [cpw.mods.modlauncher.TransformationServicesHandler/MODLAUNCHER]: Configuring option handling for services
[20Jan2024 01:12:54.175] [main/DEBUG] [cpw.mods.modlauncher.TransformationServicesHandler/MODLAUNCHER]: Transformation services initializing
[20Jan2024 01:12:54.176] [main/DEBUG] [cpw.mods.modlauncher.TransformationServiceDecorator/MODLAUNCHER]: Initializing transformation service mixin
[20Jan2024 01:12:54.187] [main/DEBUG] [mixin/]: MixinService [ModLauncher] was successfully booted in cpw.mods.cl.ModuleClassLoader@2d8f65a4
[20Jan2024 01:12:54.200] [main/INFO] [mixin/]: SpongePowered MIXIN Subsystem Version=0.8.5 Source=union:/root/instances/02-mc-forge-1.19.2/libraries/org/spongepowered/mixin/0.8.5/mixin-0.8.5.jar%2363!/ Service=ModLauncher Env=SERVER
[20Jan2024 01:12:54.204] [main/DEBUG] [mixin/]: Initialising Mixin Platform Manager
[20Jan2024 01:12:54.204] [main/DEBUG] [mixin/]: Adding mixin platform agents for container ModLauncher Root Container(ModLauncher:4f56a0a2)
[20Jan2024 01:12:54.205] [main/DEBUG] [mixin/]: Instancing new MixinPlatformAgentMinecraftForge for ModLauncher Root Container(ModLauncher:4f56a0a2)
[20Jan2024 01:12:54.205] [main/DEBUG] [mixin/]: MixinPlatformAgentMinecraftForge rejected container ModLauncher Root Container(ModLauncher:4f56a0a2)
[20Jan2024 01:12:54.205] [main/DEBUG] [mixin/]: Instancing new MixinPlatformAgentDefault for ModLauncher Root Container(ModLauncher:4f56a0a2)
[20Jan2024 01:12:54.205] [main/DEBUG] [mixin/]: MixinPlatformAgentDefault accepted container ModLauncher Root Container(ModLauncher:4f56a0a2)
[20Jan2024 01:12:54.207] [main/DEBUG] [cpw.mods.modlauncher.TransformationServiceDecorator/MODLAUNCHER]: Initialized transformation service mixin
[20Jan2024 01:12:54.207] [main/DEBUG] [cpw.mods.modlauncher.TransformationServiceDecorator/MODLAUNCHER]: Initializing transformation service fml
[20Jan2024 01:12:54.207] [main/DEBUG] [net.minecraftforge.fml.loading.FMLServiceProvider/CORE]: Setting up basic FML game directories
[20Jan2024 01:12:54.208] [main/DEBUG] [net.minecraftforge.fml.loading.FileUtils/CORE]: Found existing GAMEDIR directory : /root/instances/02-mc-forge-1.19.2
[20Jan2024 01:12:54.208] [main/DEBUG] [net.minecraftforge.fml.loading.FMLPaths/CORE]: Path GAMEDIR is /root/instances/02-mc-forge-1.19.2
[20Jan2024 01:12:54.209] [main/DEBUG] [net.minecraftforge.fml.loading.FileUtils/CORE]: Found existing MODSDIR directory : /root/instances/02-mc-forge-1.19.2/mods
[20Jan2024 01:12:54.209] [main/DEBUG] [net.minecraftforge.fml.loading.FMLPaths/CORE]: Path MODSDIR is /root/instances/02-mc-forge-1.19.2/mods
[20Jan2024 01:12:54.209] [main/DEBUG] [net.minecraftforge.fml.loading.FileUtils/CORE]: Found existing CONFIGDIR directory : /root/instances/02-mc-forge-1.19.2/config
[20Jan2024 01:12:54.209] [main/DEBUG] [net.minecraftforge.fml.loading.FMLPaths/CORE]: Path CONFIGDIR is /root/instances/02-mc-forge-1.19.2/config
[20Jan2024 01:12:54.209] [main/DEBUG] [net.minecraftforge.fml.loading.FMLPaths/CORE]: Path FMLCONFIG is /root/instances/02-mc-forge-1.19.2/config/fml.toml
[20Jan2024 01:12:54.209] [main/DEBUG] [net.minecraftforge.fml.loading.FMLServiceProvider/CORE]: Loading configuration
[20Jan2024 01:12:54.253] [main/DEBUG] [net.minecraftforge.fml.loading.FileUtils/CORE]: Found existing default config directory directory : /root/instances/02-mc-forge-1.19.2/defaultconfigs
[20Jan2024 01:12:54.253] [main/DEBUG] [net.minecraftforge.fml.loading.FMLServiceProvider/CORE]: Preparing ModFile
[20Jan2024 01:12:54.257] [main/DEBUG] [net.minecraftforge.fml.loading.FMLServiceProvider/CORE]: Preparing launch handler
[20Jan2024 01:12:54.257] [main/DEBUG] [net.minecraftforge.fml.loading.FMLLoader/CORE]: Using forgeserver as launch service
[20Jan2024 01:12:54.285] [main/DEBUG] [net.minecraftforge.fml.loading.FMLLoader/CORE]: Received command line version data  : VersionInfo[forgeVersion=43.2.0, mcVersion=1.19.2, mcpVersion=20220805.130853, forgeGroup=net.minecraftforge]
[20Jan2024 01:12:54.287] [main/DEBUG] [cpw.mods.modlauncher.TransformationServiceDecorator/MODLAUNCHER]: Initialized transformation service fml
[20Jan2024 01:12:54.287] [main/DEBUG] [cpw.mods.modlauncher.NameMappingServiceHandler/MODLAUNCHER]: Current naming domain is 'srg'
[20Jan2024 01:12:54.287] [main/DEBUG] [cpw.mods.modlauncher.NameMappingServiceHandler/MODLAUNCHER]: Identified name mapping providers {}
[20Jan2024 01:12:54.287] [main/DEBUG] [cpw.mods.modlauncher.TransformationServicesHandler/MODLAUNCHER]: Transformation services begin scanning
[20Jan2024 01:12:54.288] [main/DEBUG] [cpw.mods.modlauncher.TransformationServiceDecorator/MODLAUNCHER]: Beginning scan trigger - transformation service mixin
[20Jan2024 01:12:54.288] [main/DEBUG] [cpw.mods.modlauncher.TransformationServiceDecorator/MODLAUNCHER]: End scan trigger - transformation service mixin
[20Jan2024 01:12:54.288] [main/DEBUG] [cpw.mods.modlauncher.TransformationServiceDecorator/MODLAUNCHER]: Beginning scan trigger - transformation service fml
[20Jan2024 01:12:54.288] [main/DEBUG] [net.minecraftforge.fml.loading.FMLServiceProvider/CORE]: Initiating mod scan
[20Jan2024 01:12:54.297] [main/DEBUG] [net.minecraftforge.fml.loading.moddiscovery.ModListHandler/CORE]: Found mod coordinates from lists: []
[20Jan2024 01:12:54.299] [main/DEBUG] [net.minecraftforge.fml.loading.moddiscovery.ModDiscoverer/CORE]: Found Mod Locators : (mods folder:null),(maven libs:null),(exploded directory:null),(minecraft:null),(userdev classpath:null)
[20Jan2024 01:12:54.300] [main/DEBUG] [net.minecraftforge.fml.loading.moddiscovery.ModDiscoverer/CORE]: Found Dependency Locators : (JarInJar:null)
[20Jan2024 01:12:54.305] [main/DEBUG] [net.minecraftforge.fml.loading.moddiscovery.ModFileParser/LOADING]: Considering mod file candidate /root/instances/02-mc-forge-1.19.2/mods/architectury-6.5.69-forge.jar
[20Jan2024 01:12:54.339] [main/DEBUG] [net.minecraftforge.fml.loading.moddiscovery.ModFileInfo/LOADING]: Found valid mod file architectury-6.5.69-forge.jar with {architectury} mods - versions {6.5.69}
[20Jan2024 01:12:54.347] [main/DEBUG] [net.minecraftforge.fml.loading.moddiscovery.ModFileParser/LOADING]: Considering mod file candidate /root/instances/02-mc-forge-1.19.2/mods/basic_discord_rich_presence-1.19.2-1.1.1.12.jar
[20Jan2024 01:12:54.350] [main/DEBUG] [net.minecraftforge.fml.loading.moddiscovery.ModFileInfo/LOADING]: Found valid mod file basic_discord_rich_presence-1.19.2-1.1.1.12.jar with {basicdiscordrichpresence} mods - versions {1.1.1.12}
[20Jan2024 01:12:54.376] [main/DEBUG] [net.minecraftforge.fml.loading.moddiscovery.ModFileParser/LOADING]: Considering mod file candidate /root/instances/02-mc-forge-1.19.2/mods/citadel-2.1.1-1.19.jar
[20Jan2024 01:12:54.377] [main/DEBUG] [net.minecraftforge.fml.loading.moddiscovery.ModFileInfo/LOADING]: Found valid mod file citadel-2.1.1-1.19.jar with {citadel} mods - versions {2.1.1}
[20Jan2024 01:12:54.378] [main/DEBUG] [net.minecraftforge.fml.loading.moddiscovery.ModFileParser/LOADING]: Considering mod file candidate /root/instances/02-mc-forge-1.19.2/mods/cloth-config-8.2.88-forge.jar
[20Jan2024 01:12:54.379] [main/DEBUG] [net.minecraftforge.fml.loading.moddiscovery.ModFileInfo/LOADING]: Found valid mod file cloth-config-8.2.88-forge.jar with {cloth_config} mods - versions {8.2.88}
[20Jan2024 01:12:54.386] [main/DEBUG] [net.minecraftforge.fml.loading.moddiscovery.ModFileParser/LOADING]: Considering mod file candidate /root/instances/02-mc-forge-1.19.2/mods/Dynmap-3.5-forge-1.19.2.jar
[20Jan2024 01:12:54.387] [main/DEBUG] [net.minecraftforge.fml.loading.moddiscovery.ModFileInfo/LOADING]: Found valid mod file Dynmap-3.5-forge-1.19.2.jar with {dynmap} mods - versions {3.5-873}
[20Jan2024 01:12:54.388] [main/DEBUG] [net.minecraftforge.fml.loading.moddiscovery.ModFileParser/LOADING]: Considering mod file candidate /root/instances/02-mc-forge-1.19.2/mods/effortlessbuilding-1.19.2-3.5-all.jar
[20Jan2024 01:12:54.389] [main/DEBUG] [net.minecraftforge.fml.loading.moddiscovery.ModFileInfo/LOADING]: Found valid mod file effortlessbuilding-1.19.2-3.5-all.jar with {effortlessbuilding} mods - versions {3.5}
[20Jan2024 01:12:54.390] [main/DEBUG] [net.minecraftforge.fml.loading.moddiscovery.ModFileParser/LOADING]: Considering mod file candidate /root/instances/02-mc-forge-1.19.2/mods/ftb-essentials-1902.1.10-build.47.jar
[20Jan2024 01:12:54.391] [main/DEBUG] [net.minecraftforge.fml.loading.moddiscovery.ModFileInfo/LOADING]: Found valid mod file ftb-essentials-1902.1.10-build.47.jar with {ftbessentials} mods - versions {1902.1.10-build.47}
[20Jan2024 01:12:54.392] [main/DEBUG] [net.minecraftforge.fml.loading.moddiscovery.ModFileParser/LOADING]: Considering mod file candidate /root/instances/02-mc-forge-1.19.2/mods/ftb-library-forge-1902.3.11-build.166.jar
[20Jan2024 01:12:54.393] [main/DEBUG] [net.minecraftforge.fml.loading.moddiscovery.ModFileInfo/LOADING]: Found valid mod file ftb-library-forge-1902.3.11-build.166.jar with {ftblibrary} mods - versions {1902.3.11-build.166}
[20Jan2024 01:12:54.393] [main/DEBUG] [net.minecraftforge.fml.loading.moddiscovery.ModFileParser/LOADING]: Considering mod file candidate /root/instances/02-mc-forge-1.19.2/mods/ftb-ranks-forge-1902.1.14-build.70.jar
[20Jan2024 01:12:54.394] [main/DEBUG] [net.minecraftforge.fml.loading.moddiscovery.ModFileInfo/LOADING]: Found valid mod file ftb-ranks-forge-1902.1.14-build.70.jar with {ftbranks} mods - versions {1902.1.14-build.70}
[20Jan2024 01:12:54.395] [main/DEBUG] [net.minecraftforge.fml.loading.moddiscovery.ModFileParser/LOADING]: Considering mod file candidate /root/instances/02-mc-forge-1.19.2/mods/ironchest-1.19.2-14.2.7.jar
[20Jan2024 01:12:54.395] [main/DEBUG] [net.minecraftforge.fml.loading.moddiscovery.ModFileInfo/LOADING]: Found valid mod file ironchest-1.19.2-14.2.7.jar with {ironchest} mods - versions {1.19.2-14.2.7}
[20Jan2024 01:12:54.396] [main/DEBUG] [net.minecraftforge.fml.loading.moddiscovery.ModFileParser/LOADING]: Considering mod file candidate /root/instances/02-mc-forge-1.19.2/mods/jei-1.19.2-forge-11.4.0.286.jar
[20Jan2024 01:12:54.398] [main/DEBUG] [net.minecraftforge.fml.loading.moddiscovery.ModFileInfo/LOADING]: Found valid mod file jei-1.19.2-forge-11.4.0.286.jar with {jei} mods - versions {11.4.0.286}
[20Jan2024 01:12:54.398] [main/DEBUG] [net.minecraftforge.fml.loading.moddiscovery.ModFileParser/LOADING]: Considering mod file candidate /root/instances/02-mc-forge-1.19.2/mods/LuckPerms-Forge-5.4.58.jar
[20Jan2024 01:12:54.399] [main/DEBUG] [net.minecraftforge.fml.loading.moddiscovery.ModFileInfo/LOADING]: Found valid mod file LuckPerms-Forge-5.4.58.jar with {luckperms} mods - versions {5.4.58}
[20Jan2024 01:12:54.404] [main/DEBUG] [net.minecraftforge.fml.loading.moddiscovery.ModFileParser/LOADING]: Considering mod file candidate /root/instances/02-mc-forge-1.19.2/mods/MTR-forge-1.19.2-3.1.0.jar
[20Jan2024 01:12:54.405] [main/DEBUG] [net.minecraftforge.fml.loading.moddiscovery.ModFileInfo/LOADING]: Found valid mod file MTR-forge-1.19.2-3.1.0.jar with {mtr} mods - versions {1.19.2-3.1.0}
[20Jan2024 01:12:54.407] [main/DEBUG] [net.minecraftforge.fml.loading.moddiscovery.ModFileParser/LOADING]: Considering mod file candidate /root/instances/02-mc-forge-1.19.2/mods/RoughlyEnoughItems-9.1.580.jar
[20Jan2024 01:12:54.407] [main/DEBUG] [net.minecraftforge.fml.loading.moddiscovery.ModFileInfo/LOADING]: Found valid mod file RoughlyEnoughItems-9.1.580.jar with {roughlyenoughitems} mods - versions {9.1.580}
[20Jan2024 01:12:54.408] [main/DEBUG] [net.minecraftforge.fml.loading.moddiscovery.ModFileParser/LOADING]: Considering mod file candidate /root/instances/02-mc-forge-1.19.2/mods/simpleplanes-1.19.2-5.2.2.jar
[20Jan2024 01:12:54.409] [main/DEBUG] [net.minecraftforge.fml.loading.moddiscovery.ModFileInfo/LOADING]: Found valid mod file simpleplanes-1.19.2-5.2.2.jar with {simpleplanes} mods - versions {1.19.2-5.2.2}
[20Jan2024 01:12:54.418] [main/DEBUG] [net.minecraftforge.fml.loading.moddiscovery.ModFileParser/LOADING]: Considering mod file candidate /root/instances/02-mc-forge-1.19.2/mods/u_team_core-1.19.2-4.4.3.236.jar
[20Jan2024 01:12:54.418] [main/DEBUG] [net.minecraftforge.fml.loading.moddiscovery.ModFileInfo/LOADING]: Found valid mod file u_team_core-1.19.2-4.4.3.236.jar with {uteamcore} mods - versions {4.4.3.236}
[20Jan2024 01:12:54.427] [main/DEBUG] [net.minecraftforge.fml.loading.moddiscovery.ModFileParser/LOADING]: Considering mod file candidate /root/instances/02-mc-forge-1.19.2/mods/useful_railroads-1.19.2-1.5.1.47.jar
[20Jan2024 01:12:54.428] [main/DEBUG] [net.minecraftforge.fml.loading.moddiscovery.ModFileInfo/LOADING]: Found valid mod file useful_railroads-1.19.2-1.5.1.47.jar with {usefulrailroads} mods - versions {1.5.1.47}
[20Jan2024 01:12:54.429] [main/DEBUG] [net.minecraftforge.fml.loading.moddiscovery.ModFileParser/LOADING]: Considering mod file candidate /root/instances/02-mc-forge-1.19.2/mods/Xaeros_Minimap_23.3.2_Forge_1.19.1.jar
[20Jan2024 01:12:54.429] [main/DEBUG] [net.minecraftforge.fml.loading.moddiscovery.ModFileInfo/LOADING]: Found valid mod file Xaeros_Minimap_23.3.2_Forge_1.19.1.jar with {xaerominimap} mods - versions {23.3.2}
[20Jan2024 01:12:54.555] [main/DEBUG] [net.minecraftforge.fml.loading.moddiscovery.ModFileInfo/LOADING]: Found valid mod file server-1.19.2-20220805.130853-srg.jar with {minecraft} mods - versions {1.19.2}
[20Jan2024 01:12:54.557] [main/DEBUG] [net.minecraftforge.fml.loading.moddiscovery.ModFileParser/LOADING]: Considering mod file candidate /root/instances/02-mc-forge-1.19.2/libraries/net/minecraftforge/fmlcore/1.19.2-43.2.0/fmlcore-1.19.2-43.2.0.jar
[20Jan2024 01:12:54.557] [main/WARN] [net.minecraftforge.fml.loading.moddiscovery.ModFileParser/LOADING]: Mod file /root/instances/02-mc-forge-1.19.2/libraries/net/minecraftforge/fmlcore/1.19.2-43.2.0/fmlcore-1.19.2-43.2.0.jar is missing mods.toml file
[20Jan2024 01:12:54.558] [main/DEBUG] [net.minecraftforge.fml.loading.moddiscovery.ModFileParser/LOADING]: Considering mod file candidate /root/instances/02-mc-forge-1.19.2/libraries/net/minecraftforge/javafmllanguage/1.19.2-43.2.0/javafmllanguage-1.19.2-43.2.0.jar
[20Jan2024 01:12:54.558] [main/WARN] [net.minecraftforge.fml.loading.moddiscovery.ModFileParser/LOADING]: Mod file /root/instances/02-mc-forge-1.19.2/libraries/net/minecraftforge/javafmllanguage/1.19.2-43.2.0/javafmllanguage-1.19.2-43.2.0.jar is missing mods.toml file
[20Jan2024 01:12:54.559] [main/DEBUG] [net.minecraftforge.fml.loading.moddiscovery.ModFileParser/LOADING]: Considering mod file candidate /root/instances/02-mc-forge-1.19.2/libraries/net/minecraftforge/lowcodelanguage/1.19.2-43.2.0/lowcodelanguage-1.19.2-43.2.0.jar
[20Jan2024 01:12:54.559] [main/WARN] [net.minecraftforge.fml.loading.moddiscovery.ModFileParser/LOADING]: Mod file /root/instances/02-mc-forge-1.19.2/libraries/net/minecraftforge/lowcodelanguage/1.19.2-43.2.0/lowcodelanguage-1.19.2-43.2.0.jar is missing mods.toml file
[20Jan2024 01:12:54.560] [main/DEBUG] [net.minecraftforge.fml.loading.moddiscovery.ModFileParser/LOADING]: Considering mod file candidate /root/instances/02-mc-forge-1.19.2/libraries/net/minecraftforge/mclanguage/1.19.2-43.2.0/mclanguage-1.19.2-43.2.0.jar
[20Jan2024 01:12:54.560] [main/WARN] [net.minecraftforge.fml.loading.moddiscovery.ModFileParser/LOADING]: Mod file /root/instances/02-mc-forge-1.19.2/libraries/net/minecraftforge/mclanguage/1.19.2-43.2.0/mclanguage-1.19.2-43.2.0.jar is missing mods.toml file
[20Jan2024 01:12:54.601] [main/DEBUG] [net.minecraftforge.fml.loading.moddiscovery.ModFileParser/LOADING]: Considering mod file candidate /root/instances/02-mc-forge-1.19.2/libraries/net/minecraftforge/forge/1.19.2-43.2.0/forge-1.19.2-43.2.0-universal.jar
[20Jan2024 01:12:54.602] [main/DEBUG] [net.minecraftforge.fml.loading.moddiscovery.ModFileInfo/LOADING]: Found valid mod file forge-1.19.2-43.2.0-universal.jar with {forge} mods - versions {43.2.0}
[20Jan2024 01:12:54.612] [main/DEBUG] [net.minecraftforge.fml.loading.moddiscovery.AbstractJarFileDependencyLocator/]: Failed to load resource META-INF/jarjar/metadata.json from server-1.19.2-20220805.130853-srg.jar, it does not contain dependency information.
[20Jan2024 01:12:54.612] [main/DEBUG] [net.minecraftforge.fml.loading.moddiscovery.AbstractJarFileDependencyLocator/]: Failed to load resource META-INF/jarjar/metadata.json from Dynmap-3.5-forge-1.19.2.jar, it does not contain dependency information.
[20Jan2024 01:12:54.612] [main/DEBUG] [net.minecraftforge.fml.loading.moddiscovery.AbstractJarFileDependencyLocator/]: Failed to load resource META-INF/jarjar/metadata.json from ftb-essentials-1902.1.10-build.47.jar, it does not contain dependency information.
[20Jan2024 01:12:54.612] [main/DEBUG] [net.minecraftforge.fml.loading.moddiscovery.AbstractJarFileDependencyLocator/]: Failed to load resource META-INF/jarjar/metadata.json from ftb-library-forge-1902.3.11-build.166.jar, it does not contain dependency information.
[20Jan2024 01:12:54.612] [main/DEBUG] [net.minecraftforge.fml.loading.moddiscovery.AbstractJarFileDependencyLocator/]: Failed to load resource META-INF/jarjar/metadata.json from useful_railroads-1.19.2-1.5.1.47.jar, it does not contain dependency information.
[20Jan2024 01:12:54.612] [main/DEBUG] [net.minecraftforge.fml.loading.moddiscovery.AbstractJarFileDependencyLocator/]: Failed to load resource META-INF/jarjar/metadata.json from u_team_core-1.19.2-4.4.3.236.jar, it does not contain dependency information.
[20Jan2024 01:12:54.612] [main/DEBUG] [net.minecraftforge.fml.loading.moddiscovery.AbstractJarFileDependencyLocator/]: Failed to load resource META-INF/jarjar/metadata.json from simpleplanes-1.19.2-5.2.2.jar, it does not contain dependency information.
[20Jan2024 01:12:54.613] [main/DEBUG] [net.minecraftforge.fml.loading.moddiscovery.AbstractJarFileDependencyLocator/]: Failed to load resource META-INF/jarjar/metadata.json from MTR-forge-1.19.2-3.1.0.jar, it does not contain dependency information.
[20Jan2024 01:12:54.613] [main/DEBUG] [net.minecraftforge.fml.loading.moddiscovery.AbstractJarFileDependencyLocator/]: Failed to load resource META-INF/jarjar/metadata.json from ftb-ranks-forge-1902.1.14-build.70.jar, it does not contain dependency information.
[20Jan2024 01:12:54.613] [main/DEBUG] [net.minecraftforge.fml.loading.moddiscovery.AbstractJarFileDependencyLocator/]: Failed to load resource META-INF/jarjar/metadata.json from basic_discord_rich_presence-1.19.2-1.1.1.12.jar, it does not contain dependency information.
[20Jan2024 01:12:54.613] [main/DEBUG] [net.minecraftforge.fml.loading.moddiscovery.AbstractJarFileDependencyLocator/]: Failed to load resource META-INF/jarjar/metadata.json from architectury-6.5.69-forge.jar, it does not contain dependency information.
[20Jan2024 01:12:54.613] [main/DEBUG] [net.minecraftforge.fml.loading.moddiscovery.AbstractJarFileDependencyLocator/]: Failed to load resource META-INF/jarjar/metadata.json from jei-1.19.2-forge-11.4.0.286.jar, it does not contain dependency information.
[20Jan2024 01:12:54.613] [main/DEBUG] [net.minecraftforge.fml.loading.moddiscovery.AbstractJarFileDependencyLocator/]: Failed to load resource META-INF/jarjar/metadata.json from LuckPerms-Forge-5.4.58.jar, it does not contain dependency information.
[20Jan2024 01:12:54.613] [main/DEBUG] [net.minecraftforge.fml.loading.moddiscovery.AbstractJarFileDependencyLocator/]: Failed to load resource META-INF/jarjar/metadata.json from RoughlyEnoughItems-9.1.580.jar, it does not contain dependency information.
[20Jan2024 01:12:54.613] [main/DEBUG] [net.minecraftforge.fml.loading.moddiscovery.AbstractJarFileDependencyLocator/]: Failed to load resource META-INF/jarjar/metadata.json from cloth-config-8.2.88-forge.jar, it does not contain dependency information.
[20Jan2024 01:12:54.614] [main/DEBUG] [net.minecraftforge.fml.loading.moddiscovery.AbstractJarFileDependencyLocator/]: Failed to load resource META-INF/jarjar/metadata.json from forge-1.19.2-43.2.0-universal.jar, it does not contain dependency information.
[20Jan2024 01:12:54.614] [main/DEBUG] [net.minecraftforge.fml.loading.moddiscovery.AbstractJarFileDependencyLocator/]: Failed to load resource META-INF/jarjar/metadata.json from Xaeros_Minimap_23.3.2_Forge_1.19.1.jar, it does not contain dependency information.
[20Jan2024 01:12:54.614] [main/DEBUG] [net.minecraftforge.fml.loading.moddiscovery.AbstractJarFileDependencyLocator/]: Failed to load resource META-INF/jarjar/metadata.json from ironchest-1.19.2-14.2.7.jar, it does not contain dependency information.
[20Jan2024 01:12:54.614] [main/DEBUG] [net.minecraftforge.fml.loading.moddiscovery.AbstractJarFileDependencyLocator/]: Failed to load resource META-INF/jarjar/metadata.json from citadel-2.1.1-1.19.jar, it does not contain dependency information.
[20Jan2024 01:12:54.614] [main/DEBUG] [net.minecraftforge.fml.loading.moddiscovery.AbstractJarFileDependencyLocator/]: Failed to load resource META-INF/jarjar/metadata.json from mclanguage-1.19.2-43.2.0.jar, it does not contain dependency information.
[20Jan2024 01:12:54.614] [main/DEBUG] [net.minecraftforge.fml.loading.moddiscovery.AbstractJarFileDependencyLocator/]: Failed to load resource META-INF/jarjar/metadata.json from javafmllanguage-1.19.2-43.2.0.jar, it does not contain dependency information.
[20Jan2024 01:12:54.614] [main/DEBUG] [net.minecraftforge.fml.loading.moddiscovery.AbstractJarFileDependencyLocator/]: Failed to load resource META-INF/jarjar/metadata.json from fmlcore-1.19.2-43.2.0.jar, it does not contain dependency information.
[20Jan2024 01:12:54.614] [main/DEBUG] [net.minecraftforge.fml.loading.moddiscovery.AbstractJarFileDependencyLocator/]: Failed to load resource META-INF/jarjar/metadata.json from lowcodelanguage-1.19.2-43.2.0.jar, it does not contain dependency information.
[20Jan2024 01:12:54.682] [main/DEBUG] [net.minecraftforge.fml.loading.moddiscovery.ModFileParser/LOADING]: Considering mod file candidate 
[20Jan2024 01:12:54.683] [main/DEBUG] [net.minecraftforge.fml.loading.moddiscovery.ModFileInfo/LOADING]: Found valid mod file flywheel-forge-1.19.2-0.6.10-20.jar with {flywheel} mods - versions {0.6.10-20}
[20Jan2024 01:12:54.683] [main/DEBUG] [net.minecraftforge.fml.loading.moddiscovery.AbstractJarFileDependencyLocator/]: Failed to load resource META-INF/jarjar/metadata.json from flywheel-forge-1.19.2-0.6.10-20.jar, it does not contain dependency information.
[20Jan2024 01:12:54.716] [main/DEBUG] [net.minecraftforge.fml.loading.moddiscovery.ModFileParser/LOADING]: Considering mod file candidate 
[20Jan2024 01:12:54.716] [main/DEBUG] [net.minecraftforge.fml.loading.moddiscovery.ModFileInfo/LOADING]: Found valid mod file flywheel-forge-1.19.2-0.6.10-20.jar with {flywheel} mods - versions {0.6.10-20}
[20Jan2024 01:12:54.718] [main/INFO] [net.minecraftforge.fml.loading.moddiscovery.JarInJarDependencyLocator/]: Found 1 dependencies adding them to mods collection
[20Jan2024 01:12:54.720] [main/DEBUG] [net.minecraftforge.fml.loading.moddiscovery.ModFileInfo/LOADING]: Found valid mod file server-1.19.2-20220805.130853-srg.jar with {minecraft} mods - versions {1.19.2}
[20Jan2024 01:12:54.722] [main/DEBUG] [net.minecraftforge.fml.loading.moddiscovery.ModFile/LOADING]: Loading mod file /root/instances/02-mc-forge-1.19.2/libraries/net/minecraft/server/1.19.2-20220805.130853/server-1.19.2-20220805.130853-srg.jar with languages [LanguageSpec[languageName=minecraft, acceptedVersions=1]]
[20Jan2024 01:12:54.723] [main/DEBUG] [net.minecraftforge.fml.loading.moddiscovery.ModFileParser/LOADING]: Considering mod file candidate /root/instances/02-mc-forge-1.19.2/mods/Dynmap-3.5-forge-1.19.2.jar
[20Jan2024 01:12:54.723] [main/DEBUG] [net.minecraftforge.fml.loading.moddiscovery.ModFileInfo/LOADING]: Found valid mod file Dynmap-3.5-forge-1.19.2.jar with {dynmap} mods - versions {3.5-873}
[20Jan2024 01:12:54.723] [main/DEBUG] [net.minecraftforge.fml.loading.moddiscovery.ModFile/LOADING]: Loading mod file /root/instances/02-mc-forge-1.19.2/mods/Dynmap-3.5-forge-1.19.2.jar with languages [LanguageSpec[languageName=javafml, acceptedVersions=[42,)]]
[20Jan2024 01:12:54.724] [main/DEBUG] [net.minecraftforge.fml.loading.moddiscovery.ModFileParser/LOADING]: Considering mod file candidate /root/instances/02-mc-forge-1.19.2/mods/ftb-essentials-1902.1.10-build.47.jar
[20Jan2024 01:12:54.724] [main/DEBUG] [net.minecraftforge.fml.loading.moddiscovery.ModFileInfo/LOADING]: Found valid mod file ftb-essentials-1902.1.10-build.47.jar with {ftbessentials} mods - versions {1902.1.10-build.47}
[20Jan2024 01:12:54.724] [main/DEBUG] [net.minecraftforge.fml.loading.moddiscovery.ModFile/LOADING]: Loading mod file /root/instances/02-mc-forge-1.19.2/mods/ftb-essentials-1902.1.10-build.47.jar with languages [LanguageSpec[languageName=javafml, acceptedVersions=[43,)]]
[20Jan2024 01:12:54.724] [main/DEBUG] [net.minecraftforge.fml.loading.moddiscovery.ModFileParser/LOADING]: Considering mod file candidate /root/instances/02-mc-forge-1.19.2/mods/ftb-library-forge-1902.3.11-build.166.jar
[20Jan2024 01:12:54.725] [main/DEBUG] [net.minecraftforge.fml.loading.moddiscovery.ModFileInfo/LOADING]: Found valid mod file ftb-library-forge-1902.3.11-build.166.jar with {ftblibrary} mods - versions {1902.3.11-build.166}
[20Jan2024 01:12:54.725] [main/DEBUG] [net.minecraftforge.fml.loading.moddiscovery.ModFile/LOADING]: Loading mod file /root/instances/02-mc-forge-1.19.2/mods/ftb-library-forge-1902.3.11-build.166.jar with languages [LanguageSpec[languageName=javafml, acceptedVersions=[43,)]]
[20Jan2024 01:12:54.725] [main/DEBUG] [net.minecraftforge.fml.loading.moddiscovery.ModFileParser/LOADING]: Considering mod file candidate /root/instances/02-mc-forge-1.19.2/mods/u_team_core-1.19.2-4.4.3.236.jar
[20Jan2024 01:12:54.725] [main/DEBUG] [net.minecraftforge.fml.loading.moddiscovery.ModFileInfo/LOADING]: Found valid mod file u_team_core-1.19.2-4.4.3.236.jar with {uteamcore} mods - versions {4.4.3.236}
[20Jan2024 01:12:54.726] [main/DEBUG] [net.minecraftforge.fml.loading.moddiscovery.ModFile/LOADING]: Loading mod file /root/instances/02-mc-forge-1.19.2/mods/u_team_core-1.19.2-4.4.3.236.jar with languages [LanguageSpec[languageName=javafml, acceptedVersions=[43,)]]
[20Jan2024 01:12:54.727] [main/DEBUG] [net.minecraftforge.fml.loading.moddiscovery.ModFileParser/LOADING]: Found coremod UContainerMenu Init Menu Hook with Javascript path asm/ucontainermenu-init-menu.js
[20Jan2024 01:12:54.728] [main/DEBUG] [net.minecraftforge.fml.loading.moddiscovery.ModFileParser/LOADING]: Found coremod Dataprovider Change Indent to Tab with Javascript path asm/dataprovider-set-indent.js
[20Jan2024 01:12:54.728] [main/DEBUG] [net.minecraftforge.fml.loading.moddiscovery.ModFile/LOADING]: Found coremod asm/ucontainermenu-init-menu.js
[20Jan2024 01:12:54.728] [main/DEBUG] [net.minecraftforge.fml.loading.moddiscovery.ModFile/LOADING]: Found coremod asm/dataprovider-set-indent.js
[20Jan2024 01:12:54.728] [main/DEBUG] [net.minecraftforge.fml.loading.moddiscovery.ModFileParser/LOADING]: Considering mod file candidate /root/instances/02-mc-forge-1.19.2/mods/useful_railroads-1.19.2-1.5.1.47.jar
[20Jan2024 01:12:54.728] [main/DEBUG] [net.minecraftforge.fml.loading.moddiscovery.ModFileInfo/LOADING]: Found valid mod file useful_railroads-1.19.2-1.5.1.47.jar with {usefulrailroads} mods - versions {1.5.1.47}
[20Jan2024 01:12:54.729] [main/DEBUG] [net.minecraftforge.fml.loading.moddiscovery.ModFile/LOADING]: Loading mod file /root/instances/02-mc-forge-1.19.2/mods/useful_railroads-1.19.2-1.5.1.47.jar with languages [LanguageSpec[languageName=javafml, acceptedVersions=[43,)]]
[20Jan2024 01:12:54.729] [main/DEBUG] [net.minecraftforge.fml.loading.moddiscovery.ModFileParser/LOADING]: Considering mod file candidate /root/instances/02-mc-forge-1.19.2/mods/ftb-ranks-forge-1902.1.14-build.70.jar
[20Jan2024 01:12:54.729] [main/DEBUG] [net.minecraftforge.fml.loading.moddiscovery.ModFileInfo/LOADING]: Found valid mod file ftb-ranks-forge-1902.1.14-build.70.jar with {ftbranks} mods - versions {1902.1.14-build.70}
[20Jan2024 01:12:54.729] [main/DEBUG] [net.minecraftforge.fml.loading.moddiscovery.ModFile/LOADING]: Loading mod file /root/instances/02-mc-forge-1.19.2/mods/ftb-ranks-forge-1902.1.14-build.70.jar with languages [LanguageSpec[languageName=javafml, acceptedVersions=[43,)]]
[20Jan2024 01:12:54.729] [main/DEBUG] [net.minecraftforge.fml.loading.moddiscovery.ModFileParser/LOADING]: Considering mod file candidate /root/instances/02-mc-forge-1.19.2/mods/MTR-forge-1.19.2-3.1.0.jar
[20Jan2024 01:12:54.730] [main/DEBUG] [net.minecraftforge.fml.loading.moddiscovery.ModFileInfo/LOADING]: Found valid mod file MTR-forge-1.19.2-3.1.0.jar with {mtr} mods - versions {1.19.2-3.1.0}
[20Jan2024 01:12:54.730] [main/DEBUG] [net.minecraftforge.fml.loading.moddiscovery.ModFile/LOADING]: Loading mod file /root/instances/02-mc-forge-1.19.2/mods/MTR-forge-1.19.2-3.1.0.jar with languages [LanguageSpec[languageName=javafml, acceptedVersions=[36,)]]
[20Jan2024 01:12:54.730] [main/DEBUG] [net.minecraftforge.fml.loading.moddiscovery.ModFileParser/LOADING]: Considering mod file candidate /root/instances/02-mc-forge-1.19.2/mods/simpleplanes-1.19.2-5.2.2.jar
[20Jan2024 01:12:54.730] [main/DEBUG] [net.minecraftforge.fml.loading.moddiscovery.ModFileInfo/LOADING]: Found valid mod file simpleplanes-1.19.2-5.2.2.jar with {simpleplanes} mods - versions {1.19.2-5.2.2}
[20Jan2024 01:12:54.731] [main/DEBUG] [net.minecraftforge.fml.loading.moddiscovery.ModFile/LOADING]: Loading mod file /root/instances/02-mc-forge-1.19.2/mods/simpleplanes-1.19.2-5.2.2.jar with languages [LanguageSpec[languageName=javafml, acceptedVersions=[43,)]]
[20Jan2024 01:12:54.731] [main/DEBUG] [net.minecraftforge.fml.loading.moddiscovery.ModFileParser/LOADING]: Considering mod file candidate /root/instances/02-mc-forge-1.19.2/mods/architectury-6.5.69-forge.jar
[20Jan2024 01:12:54.731] [main/DEBUG] [net.minecraftforge.fml.loading.moddiscovery.ModFileInfo/LOADING]: Found valid mod file architectury-6.5.69-forge.jar with {architectury} mods - versions {6.5.69}
[20Jan2024 01:12:54.731] [main/DEBUG] [net.minecraftforge.fml.loading.moddiscovery.ModFile/LOADING]: Loading mod file /root/instances/02-mc-forge-1.19.2/mods/architectury-6.5.69-forge.jar with languages [LanguageSpec[languageName=javafml, acceptedVersions=[43,)]]
[20Jan2024 01:12:54.731] [main/DEBUG] [net.minecraftforge.fml.loading.moddiscovery.ModFileParser/LOADING]: Considering mod file candidate /root/instances/02-mc-forge-1.19.2/mods/basic_discord_rich_presence-1.19.2-1.1.1.12.jar
[20Jan2024 01:12:54.732] [main/DEBUG] [net.minecraftforge.fml.loading.moddiscovery.ModFileInfo/LOADING]: Found valid mod file basic_discord_rich_presence-1.19.2-1.1.1.12.jar with {basicdiscordrichpresence} mods - versions {1.1.1.12}
[20Jan2024 01:12:54.732] [main/DEBUG] [net.minecraftforge.fml.loading.moddiscovery.ModFile/LOADING]: Loading mod file /root/instances/02-mc-forge-1.19.2/mods/basic_discord_rich_presence-1.19.2-1.1.1.12.jar with languages [LanguageSpec[languageName=javafml, acceptedVersions=[43,)]]
[20Jan2024 01:12:54.732] [main/DEBUG] [net.minecraftforge.fml.loading.moddiscovery.ModFileParser/LOADING]: Considering mod file candidate /root/instances/02-mc-forge-1.19.2/mods/jei-1.19.2-forge-11.4.0.286.jar
[20Jan2024 01:12:54.733] [main/DEBUG] [net.minecraftforge.fml.loading.moddiscovery.ModFileInfo/LOADING]: Found valid mod file jei-1.19.2-forge-11.4.0.286.jar with {jei} mods - versions {11.4.0.286}
[20Jan2024 01:12:54.733] [main/DEBUG] [net.minecraftforge.fml.loading.moddiscovery.ModFile/LOADING]: Loading mod file /root/instances/02-mc-forge-1.19.2/mods/jei-1.19.2-forge-11.4.0.286.jar with languages [LanguageSpec[languageName=javafml, acceptedVersions=[41,)]]
[20Jan2024 01:12:54.733] [main/DEBUG] [net.minecraftforge.fml.loading.moddiscovery.ModFileParser/LOADING]: Considering mod file candidate /root/instances/02-mc-forge-1.19.2/mods/LuckPerms-Forge-5.4.58.jar
[20Jan2024 01:12:54.733] [main/DEBUG] [net.minecraftforge.fml.loading.moddiscovery.ModFileInfo/LOADING]: Found valid mod file LuckPerms-Forge-5.4.58.jar with {luckperms} mods - versions {5.4.58}
[20Jan2024 01:12:54.733] [main/DEBUG] [net.minecraftforge.fml.loading.moddiscovery.ModFile/LOADING]: Loading mod file /root/instances/02-mc-forge-1.19.2/mods/LuckPerms-Forge-5.4.58.jar with languages [LanguageSpec[languageName=javafml, acceptedVersions=[41,)]]
[20Jan2024 01:12:54.734] [main/DEBUG] [net.minecraftforge.fml.loading.moddiscovery.ModFileParser/LOADING]: Considering mod file candidate /root/instances/02-mc-forge-1.19.2/mods/RoughlyEnoughItems-9.1.580.jar
[20Jan2024 01:12:54.734] [main/DEBUG] [net.minecraftforge.fml.loading.moddiscovery.ModFileInfo/LOADING]: Found valid mod file RoughlyEnoughItems-9.1.580.jar with {roughlyenoughitems} mods - versions {9.1.580}
[20Jan2024 01:12:54.734] [main/DEBUG] [net.minecraftforge.fml.loading.moddiscovery.ModFile/LOADING]: Loading mod file /root/instances/02-mc-forge-1.19.2/mods/RoughlyEnoughItems-9.1.580.jar with languages [LanguageSpec[languageName=javafml, acceptedVersions=[41,)]]
[20Jan2024 01:12:54.734] [main/DEBUG] [net.minecraftforge.fml.loading.moddiscovery.ModFileParser/LOADING]: Considering mod file candidate /root/instances/02-mc-forge-1.19.2/mods/cloth-config-8.2.88-forge.jar
[20Jan2024 01:12:54.735] [main/DEBUG] [net.minecraftforge.fml.loading.moddiscovery.ModFileInfo/LOADING]: Found valid mod file cloth-config-8.2.88-forge.jar with {cloth_config} mods - versions {8.2.88}
[20Jan2024 01:12:54.735] [main/DEBUG] [net.minecraftforge.fml.loading.moddiscovery.ModFile/LOADING]: Loading mod file /root/instances/02-mc-forge-1.19.2/mods/cloth-config-8.2.88-forge.jar with languages [LanguageSpec[languageName=javafml, acceptedVersions=[34,)]]
[20Jan2024 01:12:54.735] [main/DEBUG] [net.minecraftforge.fml.loading.moddiscovery.ModFileParser/LOADING]: Considering mod file candidate /root/instances/02-mc-forge-1.19.2/libraries/net/minecraftforge/forge/1.19.2-43.2.0/forge-1.19.2-43.2.0-universal.jar
[20Jan2024 01:12:54.735] [main/DEBUG] [net.minecraftforge.fml.loading.moddiscovery.ModFileInfo/LOADING]: Found valid mod file forge-1.19.2-43.2.0-universal.jar with {forge} mods - versions {43.2.0}
[20Jan2024 01:12:54.735] [main/DEBUG] [net.minecraftforge.fml.loading.moddiscovery.ModFile/LOADING]: Loading mod file /root/instances/02-mc-forge-1.19.2/libraries/net/minecraftforge/forge/1.19.2-43.2.0/forge-1.19.2-43.2.0-universal.jar with languages [LanguageSpec[languageName=javafml, acceptedVersions=[24,]]]
[20Jan2024 01:12:54.736] [main/DEBUG] [net.minecraftforge.fml.loading.moddiscovery.ModFileParser/LOADING]: Found coremod field_to_method with Javascript path coremods/field_to_method.js
[20Jan2024 01:12:54.736] [main/DEBUG] [net.minecraftforge.fml.loading.moddiscovery.ModFileParser/LOADING]: Found coremod field_to_instanceof with Javascript path coremods/field_to_instanceof.js
[20Jan2024 01:12:54.736] [main/DEBUG] [net.minecraftforge.fml.loading.moddiscovery.ModFileParser/LOADING]: Found coremod add_bouncer_method with Javascript path coremods/add_bouncer_method.js
[20Jan2024 01:12:54.736] [main/DEBUG] [net.minecraftforge.fml.loading.moddiscovery.ModFile/LOADING]: Found coremod coremods/field_to_method.js
[20Jan2024 01:12:54.736] [main/DEBUG] [net.minecraftforge.fml.loading.moddiscovery.ModFile/LOADING]: Found coremod coremods/field_to_instanceof.js
[20Jan2024 01:12:54.736] [main/DEBUG] [net.minecraftforge.fml.loading.moddiscovery.ModFile/LOADING]: Found coremod coremods/add_bouncer_method.js
[20Jan2024 01:12:54.736] [main/DEBUG] [net.minecraftforge.fml.loading.moddiscovery.ModFileParser/LOADING]: Considering mod file candidate 
[20Jan2024 01:12:54.736] [main/DEBUG] [net.minecraftforge.fml.loading.moddiscovery.ModFileInfo/LOADING]: Found valid mod file flywheel-forge-1.19.2-0.6.10-20.jar with {flywheel} mods - versions {0.6.10-20}
[20Jan2024 01:12:54.737] [main/DEBUG] [net.minecraftforge.fml.loading.moddiscovery.ModFile/LOADING]: Loading mod file  with languages [LanguageSpec[languageName=javafml, acceptedVersions=[43,)]]
[20Jan2024 01:12:54.737] [main/DEBUG] [net.minecraftforge.fml.loading.moddiscovery.ModFileParser/LOADING]: Considering mod file candidate /root/instances/02-mc-forge-1.19.2/mods/Xaeros_Minimap_23.3.2_Forge_1.19.1.jar
[20Jan2024 01:12:54.737] [main/DEBUG] [net.minecraftforge.fml.loading.moddiscovery.ModFileInfo/LOADING]: Found valid mod file Xaeros_Minimap_23.3.2_Forge_1.19.1.jar with {xaerominimap} mods - versions {23.3.2}
[20Jan2024 01:12:54.737] [main/DEBUG] [net.minecraftforge.fml.loading.moddiscovery.ModFile/LOADING]: Loading mod file /root/instances/02-mc-forge-1.19.2/mods/Xaeros_Minimap_23.3.2_Forge_1.19.1.jar with languages [LanguageSpec[languageName=javafml, acceptedVersions=[42,)]]
[20Jan2024 01:12:54.738] [main/DEBUG] [net.minecraftforge.fml.loading.moddiscovery.ModFileParser/LOADING]: Found coremod xaerominimap_core with Javascript path META-INF/xaerominimap_core.js
[20Jan2024 01:12:54.738] [main/DEBUG] [net.minecraftforge.fml.loading.moddiscovery.ModFile/LOADING]: Found coremod META-INF/xaerominimap_core.js
[20Jan2024 01:12:54.738] [main/DEBUG] [net.minecraftforge.fml.loading.moddiscovery.ModFileParser/LOADING]: Considering mod file candidate /root/instances/02-mc-forge-1.19.2/mods/effortlessbuilding-1.19.2-3.5-all.jar
[20Jan2024 01:12:54.738] [main/DEBUG] [net.minecraftforge.fml.loading.moddiscovery.ModFileInfo/LOADING]: Found valid mod file effortlessbuilding-1.19.2-3.5-all.jar with {effortlessbuilding} mods - versions {3.5}
[20Jan2024 01:12:54.738] [main/DEBUG] [net.minecraftforge.fml.loading.moddiscovery.ModFile/LOADING]: Loading mod file /root/instances/02-mc-forge-1.19.2/mods/effortlessbuilding-1.19.2-3.5-all.jar with languages [LanguageSpec[languageName=javafml, acceptedVersions=[40,)]]
[20Jan2024 01:12:54.738] [main/DEBUG] [net.minecraftforge.fml.loading.moddiscovery.ModFileParser/LOADING]: Considering mod file candidate /root/instances/02-mc-forge-1.19.2/mods/ironchest-1.19.2-14.2.7.jar
[20Jan2024 01:12:54.739] [main/DEBUG] [net.minecraftforge.fml.loading.moddiscovery.ModFileInfo/LOADING]: Found valid mod file ironchest-1.19.2-14.2.7.jar with {ironchest} mods - versions {1.19.2-14.2.7}
[20Jan2024 01:12:54.739] [main/DEBUG] [net.minecraftforge.fml.loading.moddiscovery.ModFile/LOADING]: Loading mod file /root/instances/02-mc-forge-1.19.2/mods/ironchest-1.19.2-14.2.7.jar with languages [LanguageSpec[languageName=javafml, acceptedVersions=[41,44)]]
[20Jan2024 01:12:54.739] [main/DEBUG] [net.minecraftforge.fml.loading.moddiscovery.ModFileParser/LOADING]: Considering mod file candidate /root/instances/02-mc-forge-1.19.2/mods/citadel-2.1.1-1.19.jar
[20Jan2024 01:12:54.739] [main/DEBUG] [net.minecraftforge.fml.loading.moddiscovery.ModFileInfo/LOADING]: Found valid mod file citadel-2.1.1-1.19.jar with {citadel} mods - versions {2.1.1}
[20Jan2024 01:12:54.740] [main/DEBUG] [net.minecraftforge.fml.loading.moddiscovery.ModFile/LOADING]: Loading mod file /root/instances/02-mc-forge-1.19.2/mods/citadel-2.1.1-1.19.jar with languages [LanguageSpec[languageName=javafml, acceptedVersions=[41,)]]
[20Jan2024 01:12:54.740] [main/DEBUG] [cpw.mods.modlauncher.TransformationServiceDecorator/MODLAUNCHER]: End scan trigger - transformation service fml
[20Jan2024 01:12:54.751] [main/DEBUG] [net.minecraftforge.fml.loading.LanguageLoadingProvider/CORE]: Found 3 language providers
[20Jan2024 01:12:54.751] [main/DEBUG] [net.minecraftforge.fml.loading.LanguageLoadingProvider/CORE]: Found language provider minecraft, version 1.0
[20Jan2024 01:12:54.752] [main/DEBUG] [net.minecraftforge.fml.loading.LanguageLoadingProvider/CORE]: Found language provider lowcodefml, version 43
[20Jan2024 01:12:54.752] [main/DEBUG] [net.minecraftforge.fml.loading.LanguageLoadingProvider/CORE]: Found language provider javafml, version 43
[20Jan2024 01:12:54.756] [main/DEBUG] [net.minecraftforge.fml.loading.ModSorter/]: Configured system mods: [minecraft, forge]
[20Jan2024 01:12:54.756] [main/DEBUG] [net.minecraftforge.fml.loading.ModSorter/]: Found system mod: minecraft
[20Jan2024 01:12:54.757] [main/DEBUG] [net.minecraftforge.fml.loading.ModSorter/]: Found system mod: forge
[20Jan2024 01:12:54.758] [main/DEBUG] [net.minecraftforge.fml.loading.ModSorter/LOADING]: Found 40 mod requirements (38 mandatory, 2 optional)
[20Jan2024 01:12:54.759] [main/DEBUG] [net.minecraftforge.fml.loading.ModSorter/LOADING]: Found 0 mod requirements missing (0 mandatory, 0 optional)
[20Jan2024 01:12:55.247] [main/DEBUG] [cpw.mods.modlauncher.TransformationServicesHandler/MODLAUNCHER]: Transformation services loading transformers
[20Jan2024 01:12:55.247] [main/DEBUG] [cpw.mods.modlauncher.TransformationServiceDecorator/MODLAUNCHER]: Initializing transformers for transformation service mixin
[20Jan2024 01:12:55.248] [main/DEBUG] [cpw.mods.modlauncher.TransformationServiceDecorator/MODLAUNCHER]: Initialized transformers for transformation service mixin
[20Jan2024 01:12:55.248] [main/DEBUG] [cpw.mods.modlauncher.TransformationServiceDecorator/MODLAUNCHER]: Initializing transformers for transformation service fml
[20Jan2024 01:12:55.248] [main/DEBUG] [net.minecraftforge.fml.loading.FMLServiceProvider/CORE]: Loading coremod transformers
[20Jan2024 01:12:55.248] [main/DEBUG] [net.minecraftforge.coremod.CoreModEngine/COREMOD]: Loading CoreMod from asm/ucontainermenu-init-menu.js
[20Jan2024 01:12:55.413] [main/DEBUG] [net.minecraftforge.coremod.CoreModEngine/COREMOD]: CoreMod loaded successfully
[20Jan2024 01:12:55.413] [main/DEBUG] [net.minecraftforge.coremod.CoreModEngine/COREMOD]: Loading CoreMod from asm/dataprovider-set-indent.js
[20Jan2024 01:12:55.432] [main/DEBUG] [net.minecraftforge.coremod.CoreModEngine/COREMOD]: CoreMod loaded successfully
[20Jan2024 01:12:55.432] [main/DEBUG] [net.minecraftforge.coremod.CoreModEngine/COREMOD]: Loading CoreMod from coremods/field_to_method.js
[20Jan2024 01:12:55.457] [main/DEBUG] [net.minecraftforge.coremod.CoreModEngine/COREMOD]: CoreMod loaded successfully
[20Jan2024 01:12:55.457] [main/DEBUG] [net.minecraftforge.coremod.CoreModEngine/COREMOD]: Loading CoreMod from coremods/field_to_instanceof.js
[20Jan2024 01:12:55.504] [main/DEBUG] [net.minecraftforge.coremod.CoreModEngine/COREMOD]: CoreMod loaded successfully
[20Jan2024 01:12:55.505] [main/DEBUG] [net.minecraftforge.coremod.CoreModEngine/COREMOD]: Loading CoreMod from coremods/add_bouncer_method.js
[20Jan2024 01:12:55.553] [main/DEBUG] [net.minecraftforge.coremod.CoreModEngine/COREMOD]: CoreMod loaded successfully
[20Jan2024 01:12:55.554] [main/DEBUG] [net.minecraftforge.coremod.CoreModEngine/COREMOD]: Loading CoreMod from META-INF/xaerominimap_core.js
[20Jan2024 01:12:55.646] [main/DEBUG] [net.minecraftforge.coremod.CoreModEngine/COREMOD]: CoreMod loaded successfully
[20Jan2024 01:12:55.658] [main/DEBUG] [cpw.mods.modlauncher.TransformStore/MODLAUNCHER]: Adding transformer net.minecraftforge.coremod.transformer.CoreModClassTransformer@1945113f to Target : CLASS {Lnet/minecraft/world/level/biome/Biome;} {} {V}
[20Jan2024 01:12:55.659] [main/DEBUG] [cpw.mods.modlauncher.TransformStore/MODLAUNCHER]: Adding transformer net.minecraftforge.coremod.transformer.CoreModClassTransformer@7fb53256 to Target : CLASS {Lnet/minecraft/world/level/levelgen/structure/Structure;} {} {V}
[20Jan2024 01:12:55.659] [main/DEBUG] [cpw.mods.modlauncher.TransformStore/MODLAUNCHER]: Adding transformer net.minecraftforge.coremod.transformer.CoreModClassTransformer@1d6d1d42 to Target : CLASS {Lnet/minecraft/world/effect/MobEffectInstance;} {} {V}
[20Jan2024 01:12:55.660] [main/DEBUG] [cpw.mods.modlauncher.TransformStore/MODLAUNCHER]: Adding transformer net.minecraftforge.coremod.transformer.CoreModClassTransformer@27329d2a to Target : CLASS {Lnet/minecraft/world/level/block/LiquidBlock;} {} {V}
[20Jan2024 01:12:55.660] [main/DEBUG] [cpw.mods.modlauncher.TransformStore/MODLAUNCHER]: Adding transformer net.minecraftforge.coremod.transformer.CoreModClassTransformer@7978e022 to Target : CLASS {Lnet/minecraft/world/item/BucketItem;} {} {V}
[20Jan2024 01:12:55.660] [main/DEBUG] [cpw.mods.modlauncher.TransformStore/MODLAUNCHER]: Adding transformer net.minecraftforge.coremod.transformer.CoreModClassTransformer@2f894ad9 to Target : CLASS {Lnet/minecraft/world/level/block/StairBlock;} {} {V}
[20Jan2024 01:12:55.660] [main/DEBUG] [cpw.mods.modlauncher.TransformStore/MODLAUNCHER]: Adding transformer net.minecraftforge.coremod.transformer.CoreModClassTransformer@5afbd567 to Target : CLASS {Lnet/minecraft/world/level/block/FlowerPotBlock;} {} {V}
[20Jan2024 01:12:55.660] [main/DEBUG] [cpw.mods.modlauncher.TransformStore/MODLAUNCHER]: Adding transformer net.minecraftforge.coremod.transformer.CoreModClassTransformer@6993c8df to Target : CLASS {Lnet/minecraft/world/item/ItemStack;} {} {V}
[20Jan2024 01:12:55.660] [main/DEBUG] [cpw.mods.modlauncher.TransformStore/MODLAUNCHER]: Adding transformer net.minecraftforge.coremod.transformer.CoreModClassTransformer@57545c3f to Target : CLASS {Lnet/minecraft/network/play/client/CClientSettingsPacket;} {} {V}
[20Jan2024 01:12:55.660] [main/DEBUG] [cpw.mods.modlauncher.TransformStore/MODLAUNCHER]: Adding transformer net.minecraftforge.coremod.transformer.CoreModClassTransformer@326e0b8e to Target : CLASS {Lnet/minecraft/world/level/chunk/LevelChunk;} {} {V}
[20Jan2024 01:12:55.661] [main/DEBUG] [cpw.mods.modlauncher.TransformStore/MODLAUNCHER]: Adding transformer net.minecraftforge.coremod.transformer.CoreModClassTransformer@36baa049 to Target : CLASS {Lnet/minecraft/client/multiplayer/ClientPacketListener;} {} {V}
[20Jan2024 01:12:55.661] [main/DEBUG] [cpw.mods.modlauncher.TransformStore/MODLAUNCHER]: Adding transformer net.minecraftforge.coremod.transformer.CoreModClassTransformer@41184371 to Target : CLASS {Lnet/minecraft/client/multiplayer/ClientLevel;} {} {V}
[20Jan2024 01:12:55.661] [main/DEBUG] [cpw.mods.modlauncher.TransformStore/MODLAUNCHER]: Adding transformer net.minecraftforge.coremod.transformer.CoreModClassTransformer@34585ac9 to Target : CLASS {Lnet/minecraft/network/protocol/game/ClientboundSectionBlocksUpdatePacket;} {} {V}
[20Jan2024 01:12:55.661] [main/DEBUG] [cpw.mods.modlauncher.TransformStore/MODLAUNCHER]: Adding transformer net.minecraftforge.coremod.transformer.CoreModClassTransformer@76a805b7 to Target : CLASS {Lnet/minecraft/client/gui/components/CycleButton;} {} {V}
[20Jan2024 01:12:55.661] [main/DEBUG] [cpw.mods.modlauncher.TransformStore/MODLAUNCHER]: Adding transformer net.minecraftforge.coremod.transformer.CoreModMethodTransformer@167381c7 to Target : METHOD {Lnet/minecraft/server/level/ServerPlayer;} {m_143399_} {(Lnet/minecraft/world/inventory/AbstractContainerMenu;)V}
[20Jan2024 01:12:55.661] [main/DEBUG] [cpw.mods.modlauncher.TransformStore/MODLAUNCHER]: Adding transformer net.minecraftforge.coremod.transformer.CoreModMethodTransformer@608b1fd2 to Target : METHOD {Lnet/minecraft/data/DataProvider;} {m_236072_} {(Lnet/minecraft/data/CachedOutput;Lcom/google/gson/JsonElement;Ljava/nio/file/Path;)V}
[20Jan2024 01:12:55.661] [main/DEBUG] [cpw.mods.modlauncher.TransformStore/MODLAUNCHER]: Adding transformer net.minecraftforge.coremod.transformer.CoreModMethodTransformer@56382bc9 to Target : METHOD {Lnet/minecraft/client/multiplayer/ClientPacketListener;} {m_6773_} {(Lnet/minecraft/network/protocol/game/ClientboundBlockUpdatePacket;)V}
[20Jan2024 01:12:55.662] [main/DEBUG] [cpw.mods.modlauncher.TransformStore/MODLAUNCHER]: Adding transformer net.minecraftforge.coremod.transformer.CoreModMethodTransformer@591a4f8e to Target : METHOD {Lnet/minecraft/client/multiplayer/ClientPacketListener;} {m_5771_} {(Lnet/minecraft/network/protocol/game/ClientboundSectionBlocksUpdatePacket;)V}
[20Jan2024 01:12:55.662] [main/DEBUG] [cpw.mods.modlauncher.TransformStore/MODLAUNCHER]: Adding transformer net.minecraftforge.coremod.transformer.CoreModMethodTransformer@53ed80d3 to Target : METHOD {Lnet/minecraft/client/multiplayer/ClientPacketListener;} {m_194198_} {(IILnet/minecraft/network/protocol/game/ClientboundLevelChunkPacketData;)V}
[20Jan2024 01:12:55.662] [main/DEBUG] [cpw.mods.modlauncher.TransformStore/MODLAUNCHER]: Adding transformer net.minecraftforge.coremod.transformer.CoreModMethodTransformer@6ba060f3 to Target : METHOD {Lnet/minecraft/client/multiplayer/ClientPacketListener;} {m_194202_} {(IILnet/minecraft/network/protocol/game/ClientboundLightUpdatePacketData;)V}
[20Jan2024 01:12:55.662] [main/DEBUG] [cpw.mods.modlauncher.TransformStore/MODLAUNCHER]: Adding transformer net.minecraftforge.coremod.transformer.CoreModMethodTransformer@7c51782d to Target : METHOD {Lnet/minecraft/client/multiplayer/ClientPacketListener;} {m_6571_} {(Lnet/minecraft/network/protocol/game/ClientboundSetDefaultSpawnPositionPacket;)V}
[20Jan2024 01:12:55.662] [main/DEBUG] [cpw.mods.modlauncher.TransformStore/MODLAUNCHER]: Adding transformer net.minecraftforge.coremod.transformer.CoreModMethodTransformer@77bc2e16 to Target : METHOD {Lnet/minecraft/client/player/AbstractClientPlayer;} {m_108561_} {()Lnet/minecraft/resources/ResourceLocation;}
[20Jan2024 01:12:55.662] [main/DEBUG] [cpw.mods.modlauncher.TransformStore/MODLAUNCHER]: Adding transformer net.minecraftforge.coremod.transformer.CoreModMethodTransformer@48e8c32a to Target : METHOD {Lnet/minecraft/world/entity/player/Player;} {m_36170_} {(Lnet/minecraft/world/entity/player/PlayerModelPart;)Z}
[20Jan2024 01:12:55.662] [main/DEBUG] [cpw.mods.modlauncher.TransformStore/MODLAUNCHER]: Adding transformer net.minecraftforge.coremod.transformer.CoreModMethodTransformer@20a7953c to Target : METHOD {Lnet/minecraft/client/multiplayer/ClientPacketListener;} {m_5998_} {(Lnet/minecraft/network/protocol/game/ClientboundLoginPacket;)V}
[20Jan2024 01:12:55.663] [main/DEBUG] [cpw.mods.modlauncher.TransformStore/MODLAUNCHER]: Adding transformer net.minecraftforge.coremod.transformer.CoreModMethodTransformer@57c00115 to Target : METHOD {Lnet/minecraft/client/multiplayer/ClientPacketListener;} {m_105140_} {()V}
[20Jan2024 01:12:55.663] [main/DEBUG] [cpw.mods.modlauncher.TransformStore/MODLAUNCHER]: Adding transformer net.minecraftforge.coremod.transformer.CoreModMethodTransformer@411a5965 to Target : METHOD {Lnet/minecraft/client/player/LocalPlayer;} {m_7583_} {()V}
[20Jan2024 01:12:55.663] [main/DEBUG] [cpw.mods.modlauncher.TransformStore/MODLAUNCHER]: Adding transformer net.minecraftforge.coremod.transformer.CoreModMethodTransformer@4fe533ff to Target : METHOD {Lnet/minecraft/server/players/PlayerList;} {m_11229_} {(Lnet/minecraft/server/level/ServerPlayer;Lnet/minecraft/server/level/ServerLevel;)V}
[20Jan2024 01:12:55.663] [main/DEBUG] [cpw.mods.modlauncher.TransformStore/MODLAUNCHER]: Adding transformer net.minecraftforge.coremod.transformer.CoreModMethodTransformer@5377414a to Target : METHOD {Lnet/minecraft/client/gui/components/BossHealthOverlay;} {m_93704_} {(Lcom/mojang/blaze3d/vertex/PoseStack;)V}
[20Jan2024 01:12:55.663] [main/DEBUG] [cpw.mods.modlauncher.TransformStore/MODLAUNCHER]: Adding transformer net.minecraftforge.coremod.transformer.CoreModMethodTransformer@4e83a98 to Target : METHOD {Lnet/minecraft/client/model/ListModel;} {m_7695_} {(Lcom/mojang/blaze3d/vertex/PoseStack;Lcom/mojang/blaze3d/vertex/VertexConsumer;IIFFFF)V}
[20Jan2024 01:12:55.663] [main/DEBUG] [cpw.mods.modlauncher.TransformStore/MODLAUNCHER]: Adding transformer net.minecraftforge.coremod.transformer.CoreModMethodTransformer@17aa8a11 to Target : METHOD {Lnet/minecraft/client/model/AgeableListModel;} {m_7695_} {(Lcom/mojang/blaze3d/vertex/PoseStack;Lcom/mojang/blaze3d/vertex/VertexConsumer;IIFFFF)V}
[20Jan2024 01:12:55.663] [main/DEBUG] [cpw.mods.modlauncher.TransformStore/MODLAUNCHER]: Adding transformer net.minecraftforge.coremod.transformer.CoreModMethodTransformer@71b639d0 to Target : METHOD {Lnet/minecraft/client/model/LlamaModel;} {m_7695_} {(Lcom/mojang/blaze3d/vertex/PoseStack;Lcom/mojang/blaze3d/vertex/VertexConsumer;IIFFFF)V}
[20Jan2024 01:12:55.663] [main/DEBUG] [cpw.mods.modlauncher.TransformStore/MODLAUNCHER]: Adding transformer net.minecraftforge.coremod.transformer.CoreModMethodTransformer@18a25bbd to Target : METHOD {Lnet/minecraft/client/model/RabbitModel;} {m_7695_} {(Lcom/mojang/blaze3d/vertex/PoseStack;Lcom/mojang/blaze3d/vertex/VertexConsumer;IIFFFF)V}
[20Jan2024 01:12:55.664] [main/DEBUG] [cpw.mods.modlauncher.TransformStore/MODLAUNCHER]: Adding transformer net.minecraftforge.coremod.transformer.CoreModMethodTransformer@5d5b9ecb to Target : METHOD {Lnet/minecraft/client/renderer/entity/EnderDragonRenderer$DragonModel;} {m_7695_} {(Lcom/mojang/blaze3d/vertex/PoseStack;Lcom/mojang/blaze3d/vertex/VertexConsumer;IIFFFF)V}
[20Jan2024 01:12:55.664] [main/DEBUG] [cpw.mods.modlauncher.TransformStore/MODLAUNCHER]: Adding transformer net.minecraftforge.coremod.transformer.CoreModMethodTransformer@1ee27d73 to Target : METHOD {Lnet/minecraft/client/model/HierarchicalModel;} {m_7695_} {(Lcom/mojang/blaze3d/vertex/PoseStack;Lcom/mojang/blaze3d/vertex/VertexConsumer;IIFFFF)V}
[20Jan2024 01:12:55.664] [main/DEBUG] [cpw.mods.modlauncher.TransformStore/MODLAUNCHER]: Adding transformer net.minecraftforge.coremod.transformer.CoreModMethodTransformer@5e5aafc6 to Target : METHOD {Lnet/minecraft/client/model/geom/ModelPart;} {m_104290_} {(Lcom/mojang/blaze3d/vertex/PoseStack$Pose;Lcom/mojang/blaze3d/vertex/VertexConsumer;IIFFFF)V}
[20Jan2024 01:12:55.664] [main/DEBUG] [cpw.mods.modlauncher.TransformStore/MODLAUNCHER]: Adding transformer net.minecraftforge.coremod.transformer.CoreModMethodTransformer@542f6803 to Target : METHOD {Lnet/minecraft/world/level/storage/LevelStorageSource$LevelStorageAccess;} {m_78311_} {()V}
[20Jan2024 01:12:55.664] [main/DEBUG] [cpw.mods.modlauncher.TransformStore/MODLAUNCHER]: Adding transformer net.minecraftforge.coremod.transformer.CoreModMethodTransformer@5583098b to Target : METHOD {Lnet/minecraft/client/player/LocalPlayer;} {m_241110_} {(Ljava/lang/String;Lnet/minecraft/network/chat/Component;)V}
[20Jan2024 01:12:55.664] [main/DEBUG] [cpw.mods.modlauncher.TransformStore/MODLAUNCHER]: Adding transformer net.minecraftforge.coremod.transformer.CoreModMethodTransformer@5807efad to Target : METHOD {Lnet/minecraft/client/player/LocalPlayer;} {m_242614_} {(Ljava/lang/String;)Z}
[20Jan2024 01:12:55.664] [main/DEBUG] [cpw.mods.modlauncher.TransformStore/MODLAUNCHER]: Adding transformer net.minecraftforge.coremod.transformer.CoreModMethodTransformer@53a84ff4 to Target : METHOD {Lnet/minecraft/client/multiplayer/chat/ChatListener;} {m_240494_} {(Lnet/minecraft/network/chat/Component;Z)V}
[20Jan2024 01:12:55.664] [main/DEBUG] [cpw.mods.modlauncher.TransformStore/MODLAUNCHER]: Adding transformer net.minecraftforge.coremod.transformer.CoreModMethodTransformer@7ce85af2 to Target : METHOD {Lnet/minecraft/client/multiplayer/chat/ChatListener;} {m_241171_} {(Lnet/minecraft/network/chat/ChatType$Bound;Lnet/minecraft/network/chat/PlayerChatMessage;Lnet/minecraft/network/chat/Component;)Z}
[20Jan2024 01:12:55.665] [main/DEBUG] [cpw.mods.modlauncher.TransformationServiceDecorator/MODLAUNCHER]: Initialized transformers for transformation service fml
[20Jan2024 01:12:56.511] [main/DEBUG] [mixin/]: Processing prepare() for PlatformAgent[MixinPlatformAgentDefault:ModLauncher Root Container(ModLauncher:4f56a0a2)]
[20Jan2024 01:12:56.511] [main/DEBUG] [mixin/]: Processing launch tasks for PlatformAgent[MixinPlatformAgentDefault:ModLauncher Root Container(ModLauncher:4f56a0a2)]
[20Jan2024 01:12:56.511] [main/DEBUG] [mixin/]: Adding mixin platform agents for container SecureJarResource(minecraft)
[20Jan2024 01:12:56.512] [main/DEBUG] [mixin/]: Instancing new MixinPlatformAgentMinecraftForge for SecureJarResource(minecraft)
[20Jan2024 01:12:56.512] [main/DEBUG] [mixin/]: MixinPlatformAgentMinecraftForge rejected container SecureJarResource(minecraft)
[20Jan2024 01:12:56.512] [main/DEBUG] [mixin/]: Instancing new MixinPlatformAgentDefault for SecureJarResource(minecraft)
[20Jan2024 01:12:56.512] [main/DEBUG] [mixin/]: MixinPlatformAgentDefault accepted container SecureJarResource(minecraft)
[20Jan2024 01:12:56.512] [main/DEBUG] [mixin/]: Processing prepare() for PlatformAgent[MixinPlatformAgentDefault:SecureJarResource(minecraft)]
[20Jan2024 01:12:56.513] [main/DEBUG] [mixin/]: Adding mixin platform agents for container SecureJarResource(dynmap)
[20Jan2024 01:12:56.513] [main/DEBUG] [mixin/]: Instancing new MixinPlatformAgentMinecraftForge for SecureJarResource(dynmap)
[20Jan2024 01:12:56.513] [main/DEBUG] [mixin/]: MixinPlatformAgentMinecraftForge rejected container SecureJarResource(dynmap)
[20Jan2024 01:12:56.513] [main/DEBUG] [mixin/]: Instancing new MixinPlatformAgentDefault for SecureJarResource(dynmap)
[20Jan2024 01:12:56.513] [main/DEBUG] [mixin/]: MixinPlatformAgentDefault accepted container SecureJarResource(dynmap)
[20Jan2024 01:12:56.513] [main/DEBUG] [mixin/]: Processing prepare() for PlatformAgent[MixinPlatformAgentDefault:SecureJarResource(dynmap)]
[20Jan2024 01:12:56.513] [main/DEBUG] [mixin/]: Adding mixin platform agents for container SecureJarResource(ftbessentials)
[20Jan2024 01:12:56.514] [main/DEBUG] [mixin/]: Instancing new MixinPlatformAgentMinecraftForge for SecureJarResource(ftbessentials)
[20Jan2024 01:12:56.514] [main/DEBUG] [mixin/]: MixinPlatformAgentMinecraftForge rejected container SecureJarResource(ftbessentials)
[20Jan2024 01:12:56.514] [main/DEBUG] [mixin/]: Instancing new MixinPlatformAgentDefault for SecureJarResource(ftbessentials)
[20Jan2024 01:12:56.518] [main/DEBUG] [mixin/]: MixinPlatformAgentDefault accepted container SecureJarResource(ftbessentials)
[20Jan2024 01:12:56.518] [main/DEBUG] [mixin/]: Processing prepare() for PlatformAgent[MixinPlatformAgentDefault:SecureJarResource(ftbessentials)]
[20Jan2024 01:12:56.518] [main/DEBUG] [mixin/]: Adding mixin platform agents for container SecureJarResource(ftblibrary)
[20Jan2024 01:12:56.518] [main/DEBUG] [mixin/]: Instancing new MixinPlatformAgentMinecraftForge for SecureJarResource(ftblibrary)
[20Jan2024 01:12:56.519] [main/DEBUG] [mixin/]: MixinPlatformAgentMinecraftForge rejected container SecureJarResource(ftblibrary)
[20Jan2024 01:12:56.520] [main/DEBUG] [mixin/]: Instancing new MixinPlatformAgentDefault for SecureJarResource(ftblibrary)
[20Jan2024 01:12:56.520] [main/DEBUG] [mixin/]: MixinPlatformAgentDefault accepted container SecureJarResource(ftblibrary)
[20Jan2024 01:12:56.520] [main/DEBUG] [mixin/]: Processing prepare() for PlatformAgent[MixinPlatformAgentDefault:SecureJarResource(ftblibrary)]
[20Jan2024 01:12:56.520] [main/DEBUG] [mixin/]: Registering mixin config: ftblibrary-common.mixins.json
[20Jan2024 01:12:56.546] [main/DEBUG] [mixin/]: Compatibility level JAVA_8 specified by ftblibrary-common.mixins.json is lower than the default level supported by the current mixin service (JAVA_16).
[20Jan2024 01:12:56.547] [main/DEBUG] [mixin/]: Adding mixin platform agents for container SecureJarResource(uteamcore)
[20Jan2024 01:12:56.548] [main/DEBUG] [mixin/]: Instancing new MixinPlatformAgentMinecraftForge for SecureJarResource(uteamcore)
[20Jan2024 01:12:56.548] [main/DEBUG] [mixin/]: MixinPlatformAgentMinecraftForge rejected container SecureJarResource(uteamcore)
[20Jan2024 01:12:56.548] [main/DEBUG] [mixin/]: Instancing new MixinPlatformAgentDefault for SecureJarResource(uteamcore)
[20Jan2024 01:12:56.548] [main/DEBUG] [mixin/]: MixinPlatformAgentDefault accepted container SecureJarResource(uteamcore)
[20Jan2024 01:12:56.548] [main/DEBUG] [mixin/]: Processing prepare() for PlatformAgent[MixinPlatformAgentDefault:SecureJarResource(uteamcore)]
[20Jan2024 01:12:56.549] [main/DEBUG] [mixin/]: Adding mixin platform agents for container SecureJarResource(usefulrailroads)
[20Jan2024 01:12:56.549] [main/DEBUG] [mixin/]: Instancing new MixinPlatformAgentMinecraftForge for SecureJarResource(usefulrailroads)
[20Jan2024 01:12:56.549] [main/DEBUG] [mixin/]: MixinPlatformAgentMinecraftForge rejected container SecureJarResource(usefulrailroads)
[20Jan2024 01:12:56.549] [main/DEBUG] [mixin/]: Instancing new MixinPlatformAgentDefault for SecureJarResource(usefulrailroads)
[20Jan2024 01:12:56.549] [main/DEBUG] [mixin/]: MixinPlatformAgentDefault accepted container SecureJarResource(usefulrailroads)
[20Jan2024 01:12:56.550] [main/DEBUG] [mixin/]: Processing prepare() for PlatformAgent[MixinPlatformAgentDefault:SecureJarResource(usefulrailroads)]
[20Jan2024 01:12:56.550] [main/DEBUG] [mixin/]: Adding mixin platform agents for container SecureJarResource(ftbranks)
[20Jan2024 01:12:56.550] [main/DEBUG] [mixin/]: Instancing new MixinPlatformAgentMinecraftForge for SecureJarResource(ftbranks)
[20Jan2024 01:12:56.550] [main/DEBUG] [mixin/]: MixinPlatformAgentMinecraftForge rejected container SecureJarResource(ftbranks)
[20Jan2024 01:12:56.551] [main/DEBUG] [mixin/]: Instancing new MixinPlatformAgentDefault for SecureJarResource(ftbranks)
[20Jan2024 01:12:56.551] [main/DEBUG] [mixin/]: MixinPlatformAgentDefault accepted container SecureJarResource(ftbranks)
[20Jan2024 01:12:56.551] [main/DEBUG] [mixin/]: Processing prepare() for PlatformAgent[MixinPlatformAgentDefault:SecureJarResource(ftbranks)]
[20Jan2024 01:12:56.551] [main/DEBUG] [mixin/]: Registering mixin config: ftbranks-common.mixins.json
[20Jan2024 01:12:56.554] [main/DEBUG] [mixin/]: Compatibility level JAVA_8 specified by ftbranks-common.mixins.json is lower than the default level supported by the current mixin service (JAVA_16).
[20Jan2024 01:12:56.555] [main/DEBUG] [mixin/]: Adding mixin platform agents for container SecureJarResource(mtr)
[20Jan2024 01:12:56.555] [main/DEBUG] [mixin/]: Instancing new MixinPlatformAgentMinecraftForge for SecureJarResource(mtr)
[20Jan2024 01:12:56.555] [main/DEBUG] [mixin/]: MixinPlatformAgentMinecraftForge rejected container SecureJarResource(mtr)
[20Jan2024 01:12:56.555] [main/DEBUG] [mixin/]: Instancing new MixinPlatformAgentDefault for SecureJarResource(mtr)
[20Jan2024 01:12:56.555] [main/DEBUG] [mixin/]: MixinPlatformAgentDefault accepted container SecureJarResource(mtr)
[20Jan2024 01:12:56.556] [main/DEBUG] [mixin/]: Processing prepare() for PlatformAgent[MixinPlatformAgentDefault:SecureJarResource(mtr)]
[20Jan2024 01:12:56.556] [main/DEBUG] [mixin/]: Registering mixin config: mtr.mixins.json
[20Jan2024 01:12:56.558] [main/DEBUG] [mixin/]: Compatibility level JAVA_8 specified by mtr.mixins.json is lower than the default level supported by the current mixin service (JAVA_16).
[20Jan2024 01:12:56.559] [main/DEBUG] [mixin/]: Adding mixin platform agents for container SecureJarResource(simpleplanes)
[20Jan2024 01:12:56.559] [main/DEBUG] [mixin/]: Instancing new MixinPlatformAgentMinecraftForge for SecureJarResource(simpleplanes)
[20Jan2024 01:12:56.560] [main/DEBUG] [mixin/]: MixinPlatformAgentMinecraftForge rejected container SecureJarResource(simpleplanes)
[20Jan2024 01:12:56.560] [main/DEBUG] [mixin/]: Instancing new MixinPlatformAgentDefault for SecureJarResource(simpleplanes)
[20Jan2024 01:12:56.560] [main/DEBUG] [mixin/]: MixinPlatformAgentDefault accepted container SecureJarResource(simpleplanes)
[20Jan2024 01:12:56.562] [main/DEBUG] [mixin/]: Processing prepare() for PlatformAgent[MixinPlatformAgentDefault:SecureJarResource(simpleplanes)]
[20Jan2024 01:12:56.562] [main/DEBUG] [mixin/]: Adding mixin platform agents for container SecureJarResource(architectury)
[20Jan2024 01:12:56.562] [main/DEBUG] [mixin/]: Instancing new MixinPlatformAgentMinecraftForge for SecureJarResource(architectury)
[20Jan2024 01:12:56.562] [main/DEBUG] [mixin/]: MixinPlatformAgentMinecraftForge rejected container SecureJarResource(architectury)
[20Jan2024 01:12:56.562] [main/DEBUG] [mixin/]: Instancing new MixinPlatformAgentDefault for SecureJarResource(architectury)
[20Jan2024 01:12:56.562] [main/DEBUG] [mixin/]: MixinPlatformAgentDefault accepted container SecureJarResource(architectury)
[20Jan2024 01:12:56.562] [main/DEBUG] [mixin/]: Processing prepare() for PlatformAgent[MixinPlatformAgentDefault:SecureJarResource(architectury)]
[20Jan2024 01:12:56.563] [main/DEBUG] [mixin/]: Registering mixin config: architectury.mixins.json
[20Jan2024 01:12:56.567] [main/DEBUG] [mixin/]: Registering mixin config: architectury-common.mixins.json
[20Jan2024 01:12:56.571] [main/DEBUG] [mixin/]: Adding mixin platform agents for container SecureJarResource(basicdiscordrichpresence)
[20Jan2024 01:12:56.571] [main/DEBUG] [mixin/]: Instancing new MixinPlatformAgentMinecraftForge for SecureJarResource(basicdiscordrichpresence)
[20Jan2024 01:12:56.571] [main/DEBUG] [mixin/]: MixinPlatformAgentMinecraftForge rejected container SecureJarResource(basicdiscordrichpresence)
[20Jan2024 01:12:56.571] [main/DEBUG] [mixin/]: Instancing new MixinPlatformAgentDefault for SecureJarResource(basicdiscordrichpresence)
[20Jan2024 01:12:56.571] [main/DEBUG] [mixin/]: MixinPlatformAgentDefault accepted container SecureJarResource(basicdiscordrichpresence)
[20Jan2024 01:12:56.571] [main/DEBUG] [mixin/]: Processing prepare() for PlatformAgent[MixinPlatformAgentDefault:SecureJarResource(basicdiscordrichpresence)]
[20Jan2024 01:12:56.571] [main/DEBUG] [mixin/]: Adding mixin platform agents for container SecureJarResource(jei)
[20Jan2024 01:12:56.571] [main/DEBUG] [mixin/]: Instancing new MixinPlatformAgentMinecraftForge for SecureJarResource(jei)
[20Jan2024 01:12:56.571] [main/DEBUG] [mixin/]: MixinPlatformAgentMinecraftForge rejected container SecureJarResource(jei)
[20Jan2024 01:12:56.572] [main/DEBUG] [mixin/]: Instancing new MixinPlatformAgentDefault for SecureJarResource(jei)
[20Jan2024 01:12:56.572] [main/DEBUG] [mixin/]: MixinPlatformAgentDefault accepted container SecureJarResource(jei)
[20Jan2024 01:12:56.572] [main/DEBUG] [mixin/]: Processing prepare() for PlatformAgent[MixinPlatformAgentDefault:SecureJarResource(jei)]
[20Jan2024 01:12:56.575] [main/DEBUG] [mixin/]: Adding mixin platform agents for container SecureJarResource(luckperms)
[20Jan2024 01:12:56.576] [main/DEBUG] [mixin/]: Instancing new MixinPlatformAgentMinecraftForge for SecureJarResource(luckperms)
[20Jan2024 01:12:56.576] [main/DEBUG] [mixin/]: MixinPlatformAgentMinecraftForge rejected container SecureJarResource(luckperms)
[20Jan2024 01:12:56.576] [main/DEBUG] [mixin/]: Instancing new MixinPlatformAgentDefault for SecureJarResource(luckperms)
[20Jan2024 01:12:56.576] [main/DEBUG] [mixin/]: MixinPlatformAgentDefault accepted container SecureJarResource(luckperms)
[20Jan2024 01:12:56.576] [main/DEBUG] [mixin/]: Processing prepare() for PlatformAgent[MixinPlatformAgentDefault:SecureJarResource(luckperms)]
[20Jan2024 01:12:56.576] [main/DEBUG] [mixin/]: Adding mixin platform agents for container SecureJarResource(roughlyenoughitems)
[20Jan2024 01:12:56.579] [main/DEBUG] [mixin/]: Instancing new MixinPlatformAgentMinecraftForge for SecureJarResource(roughlyenoughitems)
[20Jan2024 01:12:56.580] [main/DEBUG] [mixin/]: MixinPlatformAgentMinecraftForge rejected container SecureJarResource(roughlyenoughitems)
[20Jan2024 01:12:56.580] [main/DEBUG] [mixin/]: Instancing new MixinPlatformAgentDefault for SecureJarResource(roughlyenoughitems)
[20Jan2024 01:12:56.581] [main/DEBUG] [mixin/]: MixinPlatformAgentDefault accepted container SecureJarResource(roughlyenoughitems)
[20Jan2024 01:12:56.581] [main/DEBUG] [mixin/]: Processing prepare() for PlatformAgent[MixinPlatformAgentDefault:SecureJarResource(roughlyenoughitems)]
[20Jan2024 01:12:56.582] [main/DEBUG] [mixin/]: Registering mixin config: rei.mixins.json
[20Jan2024 01:12:56.585] [main/DEBUG] [mixin/]: Compatibility level JAVA_8 specified by rei.mixins.json is lower than the default level supported by the current mixin service (JAVA_16).
[20Jan2024 01:12:56.585] [main/ERROR] [mixin/]: Mixin config rei.mixins.json does not specify "minVersion" property
[20Jan2024 01:12:56.586] [main/DEBUG] [mixin/]: Adding mixin platform agents for container SecureJarResource(cloth_config)
[20Jan2024 01:12:56.586] [main/DEBUG] [mixin/]: Instancing new MixinPlatformAgentMinecraftForge for SecureJarResource(cloth_config)
[20Jan2024 01:12:56.586] [main/DEBUG] [mixin/]: MixinPlatformAgentMinecraftForge rejected container SecureJarResource(cloth_config)
[20Jan2024 01:12:56.586] [main/DEBUG] [mixin/]: Instancing new MixinPlatformAgentDefault for SecureJarResource(cloth_config)
[20Jan2024 01:12:56.587] [main/DEBUG] [mixin/]: MixinPlatformAgentDefault accepted container SecureJarResource(cloth_config)
[20Jan2024 01:12:56.587] [main/DEBUG] [mixin/]: Processing prepare() for PlatformAgent[MixinPlatformAgentDefault:SecureJarResource(cloth_config)]
[20Jan2024 01:12:56.587] [main/DEBUG] [mixin/]: Adding mixin platform agents for container SecureJarResource(forge)
[20Jan2024 01:12:56.588] [main/DEBUG] [mixin/]: Instancing new MixinPlatformAgentMinecraftForge for SecureJarResource(forge)
[20Jan2024 01:12:56.588] [main/DEBUG] [mixin/]: MixinPlatformAgentMinecraftForge rejected container SecureJarResource(forge)
[20Jan2024 01:12:56.588] [main/DEBUG] [mixin/]: Instancing new MixinPlatformAgentDefault for SecureJarResource(forge)
[20Jan2024 01:12:56.588] [main/DEBUG] [mixin/]: MixinPlatformAgentDefault accepted container SecureJarResource(forge)
[20Jan2024 01:12:56.588] [main/DEBUG] [mixin/]: Processing prepare() for PlatformAgent[MixinPlatformAgentDefault:SecureJarResource(forge)]
[20Jan2024 01:12:56.588] [main/DEBUG] [mixin/]: Adding mixin platform agents for container SecureJarResource(flywheel)
[20Jan2024 01:12:56.588] [main/DEBUG] [mixin/]: Instancing new MixinPlatformAgentMinecraftForge for SecureJarResource(flywheel)
[20Jan2024 01:12:56.588] [main/DEBUG] [mixin/]: MixinPlatformAgentMinecraftForge rejected container SecureJarResource(flywheel)
[20Jan2024 01:12:56.588] [main/DEBUG] [mixin/]: Instancing new MixinPlatformAgentDefault for SecureJarResource(flywheel)
[20Jan2024 01:12:56.589] [main/DEBUG] [mixin/]: MixinPlatformAgentDefault accepted container SecureJarResource(flywheel)
[20Jan2024 01:12:56.589] [main/DEBUG] [mixin/]: Processing prepare() for PlatformAgent[MixinPlatformAgentDefault:SecureJarResource(flywheel)]
[20Jan2024 01:12:56.589] [main/DEBUG] [mixin/]: Registering mixin config: flywheel.mixins.json
[20Jan2024 01:12:56.592] [main/DEBUG] [mixin/]: Compatibility level JAVA_17 specified by flywheel.mixins.json is higher than the maximum level supported by this version of mixin (JAVA_13).
[20Jan2024 01:12:56.595] [main/INFO] [mixin/]: Compatibility level set to JAVA_17
[20Jan2024 01:12:56.596] [main/DEBUG] [mixin/]: Registering mixin config: flywheel.sodium.mixins.json
[20Jan2024 01:12:56.598] [main/DEBUG] [mixin/]: Adding mixin platform agents for container SecureJarResource(xaerominimap)
[20Jan2024 01:12:56.599] [main/DEBUG] [mixin/]: Instancing new MixinPlatformAgentMinecraftForge for SecureJarResource(xaerominimap)
[20Jan2024 01:12:56.600] [main/DEBUG] [mixin/]: MixinPlatformAgentMinecraftForge rejected container SecureJarResource(xaerominimap)
[20Jan2024 01:12:56.600] [main/DEBUG] [mixin/]: Instancing new MixinPlatformAgentDefault for SecureJarResource(xaerominimap)
[20Jan2024 01:12:56.601] [main/DEBUG] [mixin/]: MixinPlatformAgentDefault accepted container SecureJarResource(xaerominimap)
[20Jan2024 01:12:56.601] [main/DEBUG] [mixin/]: Processing prepare() for PlatformAgent[MixinPlatformAgentDefault:SecureJarResource(xaerominimap)]
[20Jan2024 01:12:56.601] [main/DEBUG] [mixin/]: Adding mixin platform agents for container SecureJarResource(effortlessbuilding)
[20Jan2024 01:12:56.601] [main/DEBUG] [mixin/]: Instancing new MixinPlatformAgentMinecraftForge for SecureJarResource(effortlessbuilding)
[20Jan2024 01:12:56.601] [main/DEBUG] [mixin/]: MixinPlatformAgentMinecraftForge rejected container SecureJarResource(effortlessbuilding)
[20Jan2024 01:12:56.601] [main/DEBUG] [mixin/]: Instancing new MixinPlatformAgentDefault for SecureJarResource(effortlessbuilding)
[20Jan2024 01:12:56.601] [main/DEBUG] [mixin/]: MixinPlatformAgentDefault accepted container SecureJarResource(effortlessbuilding)
[20Jan2024 01:12:56.601] [main/DEBUG] [mixin/]: Processing prepare() for PlatformAgent[MixinPlatformAgentDefault:SecureJarResource(effortlessbuilding)]
[20Jan2024 01:12:56.601] [main/DEBUG] [mixin/]: Adding mixin platform agents for container SecureJarResource(ironchest)
[20Jan2024 01:12:56.601] [main/DEBUG] [mixin/]: Instancing new MixinPlatformAgentMinecraftForge for SecureJarResource(ironchest)
[20Jan2024 01:12:56.601] [main/DEBUG] [mixin/]: MixinPlatformAgentMinecraftForge rejected container SecureJarResource(ironchest)
[20Jan2024 01:12:56.601] [main/DEBUG] [mixin/]: Instancing new MixinPlatformAgentDefault for SecureJarResource(ironchest)
[20Jan2024 01:12:56.601] [main/DEBUG] [mixin/]: MixinPlatformAgentDefault accepted container SecureJarResource(ironchest)
[20Jan2024 01:12:56.601] [main/DEBUG] [mixin/]: Processing prepare() for PlatformAgent[MixinPlatformAgentDefault:SecureJarResource(ironchest)]
[20Jan2024 01:12:56.601] [main/DEBUG] [mixin/]: Adding mixin platform agents for container SecureJarResource(citadel)
[20Jan2024 01:12:56.601] [main/DEBUG] [mixin/]: Instancing new MixinPlatformAgentMinecraftForge for SecureJarResource(citadel)
[20Jan2024 01:12:56.602] [main/DEBUG] [mixin/]: MixinPlatformAgentMinecraftForge rejected container SecureJarResource(citadel)
[20Jan2024 01:12:56.602] [main/DEBUG] [mixin/]: Instancing new MixinPlatformAgentDefault for SecureJarResource(citadel)
[20Jan2024 01:12:56.602] [main/DEBUG] [mixin/]: MixinPlatformAgentDefault accepted container SecureJarResource(citadel)
[20Jan2024 01:12:56.602] [main/DEBUG] [mixin/]: Processing prepare() for PlatformAgent[MixinPlatformAgentDefault:SecureJarResource(citadel)]
[20Jan2024 01:12:56.602] [main/DEBUG] [mixin/]: Registering mixin config: citadel.mixins.json
[20Jan2024 01:12:56.607] [main/DEBUG] [mixin/]: inject() running with 22 agents
[20Jan2024 01:12:56.608] [main/DEBUG] [mixin/]: Processing inject() for PlatformAgent[MixinPlatformAgentDefault:ModLauncher Root Container(ModLauncher:4f56a0a2)]
[20Jan2024 01:12:56.608] [main/DEBUG] [mixin/]: Processing inject() for PlatformAgent[MixinPlatformAgentDefault:SecureJarResource(minecraft)]
[20Jan2024 01:12:56.608] [main/DEBUG] [mixin/]: Processing inject() for PlatformAgent[MixinPlatformAgentDefault:SecureJarResource(dynmap)]
[20Jan2024 01:12:56.608] [main/DEBUG] [mixin/]: Processing inject() for PlatformAgent[MixinPlatformAgentDefault:SecureJarResource(ftbessentials)]
[20Jan2024 01:12:56.608] [main/DEBUG] [mixin/]: Processing inject() for PlatformAgent[MixinPlatformAgentDefault:SecureJarResource(ftblibrary)]
[20Jan2024 01:12:56.608] [main/DEBUG] [mixin/]: Processing inject() for PlatformAgent[MixinPlatformAgentDefault:SecureJarResource(uteamcore)]
[20Jan2024 01:12:56.609] [main/DEBUG] [mixin/]: Processing inject() for PlatformAgent[MixinPlatformAgentDefault:SecureJarResource(usefulrailroads)]
[20Jan2024 01:12:56.609] [main/DEBUG] [mixin/]: Processing inject() for PlatformAgent[MixinPlatformAgentDefault:SecureJarResource(ftbranks)]
[20Jan2024 01:12:56.609] [main/DEBUG] [mixin/]: Processing inject() for PlatformAgent[MixinPlatformAgentDefault:SecureJarResource(mtr)]
[20Jan2024 01:12:56.609] [main/DEBUG] [mixin/]: Processing inject() for PlatformAgent[MixinPlatformAgentDefault:SecureJarResource(simpleplanes)]
[20Jan2024 01:12:56.609] [main/DEBUG] [mixin/]: Processing inject() for PlatformAgent[MixinPlatformAgentDefault:SecureJarResource(architectury)]
[20Jan2024 01:12:56.609] [main/DEBUG] [mixin/]: Processing inject() for PlatformAgent[MixinPlatformAgentDefault:SecureJarResource(basicdiscordrichpresence)]
[20Jan2024 01:12:56.609] [main/DEBUG] [mixin/]: Processing inject() for PlatformAgent[MixinPlatformAgentDefault:SecureJarResource(jei)]
[20Jan2024 01:12:56.609] [main/DEBUG] [mixin/]: Processing inject() for PlatformAgent[MixinPlatformAgentDefault:SecureJarResource(luckperms)]
[20Jan2024 01:12:56.609] [main/DEBUG] [mixin/]: Processing inject() for PlatformAgent[MixinPlatformAgentDefault:SecureJarResource(roughlyenoughitems)]
[20Jan2024 01:12:56.609] [main/DEBUG] [mixin/]: Processing inject() for PlatformAgent[MixinPlatformAgentDefault:SecureJarResource(cloth_config)]
[20Jan2024 01:12:56.610] [main/DEBUG] [mixin/]: Processing inject() for PlatformAgent[MixinPlatformAgentDefault:SecureJarResource(forge)]
[20Jan2024 01:12:56.610] [main/DEBUG] [mixin/]: Processing inject() for PlatformAgent[MixinPlatformAgentDefault:SecureJarResource(flywheel)]
[20Jan2024 01:12:56.610] [main/DEBUG] [mixin/]: Processing inject() for PlatformAgent[MixinPlatformAgentDefault:SecureJarResource(xaerominimap)]
[20Jan2024 01:12:56.610] [main/DEBUG] [mixin/]: Processing inject() for PlatformAgent[MixinPlatformAgentDefault:SecureJarResource(effortlessbuilding)]
[20Jan2024 01:12:56.610] [main/DEBUG] [mixin/]: Processing inject() for PlatformAgent[MixinPlatformAgentDefault:SecureJarResource(ironchest)]
[20Jan2024 01:12:56.610] [main/DEBUG] [mixin/]: Processing inject() for PlatformAgent[MixinPlatformAgentDefault:SecureJarResource(citadel)]
[20Jan2024 01:12:56.611] [main/INFO] [cpw.mods.modlauncher.LaunchServiceHandler/MODLAUNCHER]: Launching target 'forgeserver' with arguments []
[20Jan2024 01:12:56.654] [main/DEBUG] [mixin/]: Error cleaning class output directory: .mixin.out
[20Jan2024 01:12:56.655] [main/DEBUG] [mixin/]: Preparing mixins for MixinEnvironment[DEFAULT]
[20Jan2024 01:12:56.656] [main/DEBUG] [mixin/]: Selecting config ftblibrary-common.mixins.json
[20Jan2024 01:12:56.658] [main/DEBUG] [mixin/]: Selecting config ftbranks-common.mixins.json
[20Jan2024 01:12:56.659] [main/DEBUG] [mixin/]: Selecting config mtr.mixins.json
[20Jan2024 01:12:56.660] [main/DEBUG] [mixin/]: Selecting config architectury.mixins.json
[20Jan2024 01:12:56.666] [main/DEBUG] [mixin/]: Selecting config architectury-common.mixins.json
[20Jan2024 01:12:56.668] [main/DEBUG] [mixin/]: Selecting config rei.mixins.json
[20Jan2024 01:12:56.671] [main/DEBUG] [mixin/]: Selecting config flywheel.mixins.json
[20Jan2024 01:12:56.678] [main/DEBUG] [mixin/]: Selecting config flywheel.sodium.mixins.json
[20Jan2024 01:12:56.682] [main/DEBUG] [mixin/]: Selecting config citadel.mixins.json
[20Jan2024 01:12:56.684] [main/DEBUG] [mixin/]: Preparing ftblibrary-common.mixins.json (4)
[20Jan2024 01:12:56.754] [main/DEBUG] [mixin/]: Preparing ftbranks-common.mixins.json (1)
[20Jan2024 01:12:56.756] [main/DEBUG] [mixin/]: Preparing mtr.mixins.json (4)
[20Jan2024 01:12:56.763] [main/DEBUG] [net.minecraftforge.coremod.transformer.CoreModBaseTransformer/COREMOD]: Transforming m_143399_ with desc (Lnet/minecraft/world/inventory/AbstractContainerMenu;)V
[20Jan2024 01:12:56.807] [main/INFO] [net.minecraftforge.coremod.CoreMod.uteamcore/COREMODLOG]: Injected ASMUContainerMenuHook call into ServerPlayer#initMenu
[20Jan2024 01:12:56.821] [main/DEBUG] [net.minecraftforge.coremod.transformer.CoreModBaseTransformer/COREMOD]: Transforming m_36170_ with desc (Lnet/minecraft/world/entity/player/PlayerModelPart;)Z
[20Jan2024 01:12:56.883] [main/DEBUG] [mixin/]: Preparing architectury.mixins.json (7)
[20Jan2024 01:12:56.892] [main/DEBUG] [mixin/]: Preparing architectury-common.mixins.json (9)
[20Jan2024 01:12:56.902] [main/DEBUG] [net.minecraftforge.coremod.transformer.CoreModBaseTransformer/COREMOD]: Transforming net/minecraft/world/item/BucketItem
[20Jan2024 01:12:56.916] [main/DEBUG] [net.minecraftforge.coremod.transformer.CoreModBaseTransformer/COREMOD]: Transforming net/minecraft/world/level/block/LiquidBlock
[20Jan2024 01:12:56.921] [main/DEBUG] [mixin/]: Preparing rei.mixins.json (8)
[20Jan2024 01:12:56.926] [main/DEBUG] [mixin/]: Preparing flywheel.mixins.json (25)
[20Jan2024 01:12:56.926] [main/DEBUG] [mixin/]: Preparing flywheel.sodium.mixins.json (1)
[20Jan2024 01:12:56.926] [main/DEBUG] [mixin/]: Preparing citadel.mixins.json (17)
[20Jan2024 01:12:57.003] [main/DEBUG] [mixin/]: Registering new injector for @Inject with org.spongepowered.asm.mixin.injection.struct.CallbackInjectionInfo
[20Jan2024 01:12:57.005] [main/DEBUG] [mixin/]: Registering new injector for @ModifyArg with org.spongepowered.asm.mixin.injection.struct.ModifyArgInjectionInfo
[20Jan2024 01:12:57.005] [main/DEBUG] [mixin/]: Registering new injector for @ModifyArgs with org.spongepowered.asm.mixin.injection.struct.ModifyArgsInjectionInfo
[20Jan2024 01:12:57.007] [main/DEBUG] [mixin/]: Registering new injector for @Redirect with org.spongepowered.asm.mixin.injection.struct.RedirectInjectionInfo
[20Jan2024 01:12:57.008] [main/DEBUG] [mixin/]: Registering new injector for @ModifyVariable with org.spongepowered.asm.mixin.injection.struct.ModifyVariableInjectionInfo
[20Jan2024 01:12:57.009] [main/DEBUG] [mixin/]: Registering new injector for @ModifyConstant with org.spongepowered.asm.mixin.injection.struct.ModifyConstantInjectionInfo
[20Jan2024 01:12:57.029] [main/DEBUG] [mixin/]: Prepared 32 mixins in 0.372 sec (11.6ms avg) (0ms load, 0ms transform, 0ms plugin)
[20Jan2024 01:12:57.042] [main/DEBUG] [mixin/]: Mixing MinecraftServerMixin from citadel.mixins.json into net.minecraft.server.MinecraftServer
[20Jan2024 01:12:57.127] [main/DEBUG] [io.netty.util.internal.logging.InternalLoggerFactory/]: Using SLF4J as the default logging framework
[20Jan2024 01:12:57.128] [main/DEBUG] [io.netty.util.ResourceLeakDetector/]: -Dio.netty.leakDetection.level: simple
[20Jan2024 01:12:57.128] [main/DEBUG] [io.netty.util.ResourceLeakDetector/]: -Dio.netty.leakDetection.targetRecords: 4
[20Jan2024 01:12:57.178] [main/DEBUG] [mixin/]: Mixing ResourceLocationMixin from ftblibrary-common.mixins.json into net.minecraft.resources.ResourceLocation
[20Jan2024 01:12:57.178] [main/DEBUG] [mixin/]: ftblibrary-common.mixins.json:ResourceLocationMixin: Class version 61 required is higher than the class version supported by the current version of Mixin (JAVA_8 supports class version 52)
[20Jan2024 01:12:57.231] [main/DEBUG] [oshi.util.FileUtil/]: No oshi.properties file found from ClassLoader cpw.mods.modlauncher.TransformingClassLoader@7d979d34
[20Jan2024 01:12:57.231] [main/DEBUG] [oshi.util.FileUtil/]: No oshi.properties file found from ClassLoader jdk.internal.loader.ClassLoaders$AppClassLoader@76ed5528
[20Jan2024 01:12:57.239] [main/DEBUG] [oshi.util.FileUtil/]: Reading file /proc/cpuinfo
[20Jan2024 01:12:57.239] [main/DEBUG] [oshi.util.FileUtil/]: Reading file /proc/cpuinfo
[20Jan2024 01:12:58.042] [main/DEBUG] [oshi.util.FileUtil/]: No oshi.architecture.properties file found from ClassLoader cpw.mods.modlauncher.TransformingClassLoader@7d979d34
[20Jan2024 01:12:58.043] [main/DEBUG] [oshi.util.FileUtil/]: No oshi.architecture.properties file found from ClassLoader jdk.internal.loader.ClassLoaders$AppClassLoader@76ed5528
[20Jan2024 01:12:58.127] [main/DEBUG] [oshi.util.FileUtil/]: Reading file /proc/meminfo
[20Jan2024 01:12:58.127] [main/DEBUG] [oshi.util.FileUtil/]: Reading file /proc/meminfo
[20Jan2024 01:12:58.196] [main/DEBUG] [mixin/]: Mixing inject.MixinGameEvent from architectury-common.mixins.json into net.minecraft.world.level.gameevent.GameEvent
[20Jan2024 01:12:58.230] [main/DEBUG] [mixin/]: Mixing inject.MixinBlock from architectury-common.mixins.json into net.minecraft.world.level.block.Block
[20Jan2024 01:12:58.299] [main/DEBUG] [mixin/]: Mixing LivingEntityMixin from citadel.mixins.json into net.minecraft.world.entity.LivingEntity
[20Jan2024 01:12:58.387] [main/DEBUG] [mixin/]: Mixing LevelMixin from citadel.mixins.json into net.minecraft.world.level.Level
[20Jan2024 01:12:58.448] [main/DEBUG] [mixin/]: Mixing ServerLevelMixin from citadel.mixins.json into net.minecraft.server.level.ServerLevel
[20Jan2024 01:12:58.483] [main/DEBUG] [net.minecraftforge.coremod.transformer.CoreModBaseTransformer/COREMOD]: Transforming m_36170_ with desc (Lnet/minecraft/world/entity/player/PlayerModelPart;)Z
[20Jan2024 01:12:58.513] [main/DEBUG] [mixin/]: Mixing inject.MixinFluid from architectury-common.mixins.json into net.minecraft.world.level.material.Fluid
[20Jan2024 01:12:58.518] [main/DEBUG] [mixin/]: Mixing ItemMixin from ftblibrary-common.mixins.json into net.minecraft.world.item.Item
[20Jan2024 01:12:58.521] [main/DEBUG] [mixin/]: ftblibrary-common.mixins.json:ItemMixin: Class version 61 required is higher than the class version supported by the current version of Mixin (JAVA_8 supports class version 52)
[20Jan2024 01:12:58.525] [main/DEBUG] [mixin/]: Mixing inject.MixinItem from architectury-common.mixins.json into net.minecraft.world.item.Item
[20Jan2024 01:12:58.542] [main/DEBUG] [mixin/]: Mixing inject.MixinEntityType from architectury-common.mixins.json into net.minecraft.world.entity.EntityType
[20Jan2024 01:12:58.641] [main/DEBUG] [net.minecraftforge.coremod.transformer.CoreModBaseTransformer/COREMOD]: Transforming net/minecraft/world/level/levelgen/structure/Structure
[20Jan2024 01:12:58.790] [main/DEBUG] [net.minecraftforge.coremod.transformer.CoreModBaseTransformer/COREMOD]: Transforming net/minecraft/world/level/block/LiquidBlock
[20Jan2024 01:12:58.790] [main/DEBUG] [mixin/]: Mixing inject.MixinLiquidBlock from architectury-common.mixins.json into net.minecraft.world.level.block.LiquidBlock
[20Jan2024 01:12:58.830] [main/DEBUG] [net.minecraftforge.coremod.transformer.CoreModBaseTransformer/COREMOD]: Transforming net/minecraft/world/level/block/StairBlock
[20Jan2024 01:12:58.926] [main/DEBUG] [net.minecraftforge.coremod.transformer.CoreModBaseTransformer/COREMOD]: Transforming net/minecraft/world/level/block/FlowerPotBlock
[20Jan2024 01:12:59.762] [main/DEBUG] [net.minecraftforge.coremod.transformer.CoreModBaseTransformer/COREMOD]: Transforming net/minecraft/world/item/ItemStack
[20Jan2024 01:13:00.426] [main/DEBUG] [mixin/]: Mixing SmithingMenuMixin from citadel.mixins.json into net.minecraft.world.inventory.SmithingMenu
[20Jan2024 01:13:00.442] [main/DEBUG] [net.minecraftforge.coremod.transformer.CoreModBaseTransformer/COREMOD]: Transforming net/minecraft/world/item/ItemStack
[20Jan2024 01:13:00.593] [main/DEBUG] [mixin/]: Mixing MixinLightningBolt from architectury-common.mixins.json into net.minecraft.world.entity.LightningBolt
[20Jan2024 01:13:01.448] [main/INFO] [net.minecraft.util.datafix.DataFixers/]: Building unoptimized datafixer
[20Jan2024 01:13:01.611] [main/DEBUG] [mixin/]: Mixing MixinFallingBlockEntity from architectury.mixins.json into net.minecraft.world.entity.item.FallingBlockEntity
[20Jan2024 01:13:01.944] [main/DEBUG] [net.minecraftforge.coremod.transformer.CoreModBaseTransformer/COREMOD]: Transforming m_143399_ with desc (Lnet/minecraft/world/inventory/AbstractContainerMenu;)V
[20Jan2024 01:13:01.945] [main/INFO] [net.minecraftforge.coremod.CoreMod.uteamcore/COREMODLOG]: Injected ASMUContainerMenuHook call into ServerPlayer#initMenu
[20Jan2024 01:13:01.947] [main/DEBUG] [mixin/]: Mixing PlayerTeleportationStateAccessor from mtr.mixins.json into net.minecraft.server.level.ServerPlayer
[20Jan2024 01:13:01.954] [main/DEBUG] [net.minecraftforge.coremod.transformer.CoreModBaseTransformer/COREMOD]: Transforming m_36170_ with desc (Lnet/minecraft/world/entity/player/PlayerModelPart;)Z
[20Jan2024 01:13:01.966] [main/DEBUG] [mixin/]: mtr.mixins.json:PlayerTeleportationStateAccessor: Class version 61 required is higher than the class version supported by the current version of Mixin (JAVA_8 supports class version 52)
[20Jan2024 01:13:02.004] [main/DEBUG] [net.minecraftforge.coremod.transformer.CoreModBaseTransformer/COREMOD]: Transforming net/minecraft/world/level/chunk/LevelChunk
[20Jan2024 01:13:02.252] [main/DEBUG] [mixin/]: Mixing MixinLevelEvent from architectury.mixins.json into net.minecraftforge.event.level.LevelEvent
[20Jan2024 01:13:02.450] [main/DEBUG] [net.minecraftforge.coremod.transformer.CoreModBaseTransformer/COREMOD]: Transforming net/minecraft/world/level/biome/Biome
[20Jan2024 01:13:02.629] [main/DEBUG] [mixin/]: Mixing BiomeSourceMixin from citadel.mixins.json into net.minecraft.world.level.biome.BiomeSource
[20Jan2024 01:13:02.648] [main/DEBUG] [mixin/]: Mixing MultiNoiseBiomeSourceMixin from citadel.mixins.json into net.minecraft.world.level.biome.MultiNoiseBiomeSource
[20Jan2024 01:13:02.663] [main/DEBUG] [mixin/]: Mixing ChunkGeneratorMixin from citadel.mixins.json into net.minecraft.world.level.chunk.ChunkGenerator
[20Jan2024 01:13:02.721] [main/DEBUG] [net.minecraftforge.coremod.transformer.CoreModBaseTransformer/COREMOD]: Transforming net/minecraft/world/level/biome/Biome
[20Jan2024 01:13:02.769] [main/DEBUG] [mixin/]: Mixing NoiseBasedChunkGeneratorMixin from citadel.mixins.json into net.minecraft.world.level.levelgen.NoiseBasedChunkGenerator
[20Jan2024 01:13:03.271] [main/DEBUG] [net.minecraftforge.coremod.transformer.CoreModBaseTransformer/COREMOD]: Transforming net/minecraft/world/item/BucketItem
[20Jan2024 01:13:03.271] [main/DEBUG] [mixin/]: Mixing inject.MixinBucketItem from architectury-common.mixins.json into net.minecraft.world.item.BucketItem
[20Jan2024 01:13:03.358] [main/DEBUG] [mixin/]: Mixing inject.MixinFoodPropertiesBuilder from architectury-common.mixins.json into net.minecraft.world.food.FoodProperties$Builder
[20Jan2024 01:13:03.362] [main/DEBUG] [net.minecraftforge.coremod.transformer.CoreModBaseTransformer/COREMOD]: Transforming net/minecraft/world/effect/MobEffectInstance
[20Jan2024 01:13:03.837] [main/DEBUG] [net.minecraftforge.common.ForgeI18n/CORE]: Loading I18N data entries: 5641
