[21Jan2024 01:10:00.589] [Server thread/INFO] [net.minecraft.server.MinecraftServer/]: Stopping the server
[21Jan2024 01:10:00.652] [Server thread/INFO] [mtr.libraries.org.eclipse.jetty.server.AbstractConnector/]: Stopped ServerConnector@4417c74e{HTTP/1.1, (http/1.1)}{0.0.0.0:8888}
[21Jan2024 01:10:00.653] [Server thread/INFO] [mtr.libraries.org.eclipse.jetty.server.handler.ContextHandler/]: Stopped m.l.o.e.j.s.ServletContextHandler@92f49da{/,union:/root/instances/02-mc-forge-1.19.2/mods/MTR-forge-1.19.2-3.1.0.jar%23132!/assets/mtr/website,STOPPED}
[21Jan2024 01:10:00.676] [Server thread/INFO] [Dynmap/]: [Dynmap] Unloaded 11 components.
[21Jan2024 01:10:00.676] [Server thread/INFO] [Dynmap/]: [Dynmap] Stopping map renderer...
[21Jan2024 01:10:01.680] [Server thread/INFO] [Dynmap/]: [Dynmap] Disabled
[21Jan2024 01:10:01.680] [Server thread/INFO] [luckperms/]: Starting shutdown process...
[21Jan2024 01:10:01.686] [Server thread/INFO] [luckperms/]: Closing storage...
[21Jan2024 01:10:01.729] [Server thread/INFO] [luckperms/]: Goodbye!
[21Jan2024 01:10:01.738] [Server thread/INFO] [net.minecraft.server.MinecraftServer/]: Stopping server
[21Jan2024 01:10:01.738] [Server thread/INFO] [net.minecraft.server.MinecraftServer/]: Saving players
[21Jan2024 01:10:01.747] [Server thread/INFO] [net.minecraft.server.network.ServerGamePacketListenerImpl/]: das lost connection: Server closed
[21Jan2024 01:10:01.748] [Server thread/INFO] [net.minecraft.server.MinecraftServer/]: das left the game
[21Jan2024 01:10:01.757] [Server thread/INFO] [net.minecraft.server.MinecraftServer/]: Saving worlds
[21Jan2024 01:10:04.760] [Server thread/INFO] [net.minecraft.server.MinecraftServer/]: Saving chunks for level 'ServerLevel[world]'/minecraft:overworld
[21Jan2024 01:10:04.874] [Server thread/INFO] [net.minecraft.server.MinecraftServer/]: Saving chunks for level 'ServerLevel[world]'/minecraft:the_nether
[21Jan2024 01:10:04.876] [Server thread/INFO] [net.minecraft.server.MinecraftServer/]: Saving chunks for level 'ServerLevel[world]'/minecraft:the_end
[21Jan2024 01:10:04.901] [Server thread/INFO] [net.minecraft.server.MinecraftServer/]: ThreadedAnvilChunkStorage (world): All chunks are saved
[21Jan2024 01:10:04.901] [Server thread/INFO] [net.minecraft.server.MinecraftServer/]: ThreadedAnvilChunkStorage (DIM-1): All chunks are saved
[21Jan2024 01:10:04.901] [Server thread/INFO] [net.minecraft.server.MinecraftServer/]: ThreadedAnvilChunkStorage (DIM1): All chunks are saved
[21Jan2024 01:10:04.902] [Server thread/INFO] [net.minecraft.server.MinecraftServer/]: ThreadedAnvilChunkStorage: All dimensions are saved
