[16:14:47] [modloading-worker-0/INFO] [REI] Registered plugin provider DefaultPluginImpl [roughlyenoughitems] for REIServerPlugin
[16:14:47] [modloading-worker-0/INFO] [REI] Registered plugin provider DefaultPluginImpl [roughlyenoughitems] for REIPlugin
[16:14:47] [modloading-worker-0/INFO] [REI] Registered plugin provider DefaultRuntimePlugin [roughlyenoughitems] for REIServerPlugin
[16:14:47] [modloading-worker-0/INFO] [REI] Registered plugin provider DefaultRuntimePlugin [roughlyenoughitems] for REIPlugin
[16:15:57] [Worker-Main-3/DEBUG] [REI] Processed 0 tags in 19.40 μs for minecraft:worldgen/world_preset
[16:15:57] [Worker-Main-1/DEBUG] [REI] Processed 0 tags in 5.738 μs for minecraft:worldgen/flat_level_generator_preset
[16:15:57] [Worker-Main-1/DEBUG] [REI] Processed 5 tags in 769.7 μs for minecraft:game_event
[16:15:57] [Worker-Main-1/DEBUG] [REI] Processed 3 tags in 24.13 μs for minecraft:fluid
[16:15:57] [Worker-Main-2/DEBUG] [REI] Processed 0 tags in 7.726 μs for minecraft:worldgen/structure
[16:15:57] [Worker-Main-2/DEBUG] [REI] Processed 12 tags in 47.84 μs for minecraft:entity_type
[16:15:57] [Worker-Main-3/DEBUG] [REI] Processed 0 tags in 101.8 μs for minecraft:worldgen/biome
[16:15:57] [Worker-Main-3/DEBUG] [REI] Processed 1 tags in 28.90 μs for minecraft:painting_variant
[16:15:57] [Worker-Main-3/DEBUG] [REI] Processed 3 tags in 115.3 μs for minecraft:point_of_interest_type
[16:15:57] [Worker-Main-3/DEBUG] [REI] Processed 2 tags in 20.59 μs for minecraft:cat_variant
[16:15:57] [Worker-Main-2/DEBUG] [REI] Processed 299 tags in 904.5 μs for minecraft:item
[16:15:57] [Worker-Main-3/DEBUG] [REI] Processed 7 tags in 113.1 μs for minecraft:banner_pattern
[16:15:57] [Worker-Main-3/DEBUG] [REI] Processed 3 tags in 20.66 μs for minecraft:instrument
[16:15:57] [Worker-Main-1/DEBUG] [REI] Processed 257 tags in 1.302 ms for minecraft:block
[16:15:58] [main/TRACE] [REI] [START] Reloading Section: "pre-register/"
[16:15:58] [main/TRACE] [REI] [START] Reloading Section: "pre-register/DefaultPluginImpl of DefaultPluginImpl [roughlyenoughitems]/"
[16:15:58] [main/TRACE] [REI] [START] Reloading Section: "pre-register/DefaultPluginImpl of DefaultPluginImpl [roughlyenoughitems]/" done in 776.7 μs
[16:15:58] [main/TRACE] [REI] [START] Reloading Section: "pre-register/DefaultRuntimePlugin of DefaultRuntimePlugin [roughlyenoughitems]/"
[16:15:58] [main/TRACE] [REI] [START] Reloading Section: "pre-register/DefaultRuntimePlugin of DefaultRuntimePlugin [roughlyenoughitems]/" done in 12.31 μs
[16:15:58] [main/TRACE] [REI] [START] Reloading Section: "pre-register/" done in 11.66 ms
[16:15:58] [main/TRACE] [REI] [START] Reloading Section: "pre-register/"
[16:15:58] [main/TRACE] [REI] [START] Reloading Section: "pre-register/DefaultPluginImpl of DefaultPluginImpl [roughlyenoughitems]/"
[16:15:58] [main/TRACE] [REI] [START] Reloading Section: "pre-register/DefaultPluginImpl of DefaultPluginImpl [roughlyenoughitems]/" done in 8.828 μs
[16:15:58] [main/TRACE] [REI] [START] Reloading Section: "pre-register/DefaultRuntimePlugin of DefaultRuntimePlugin [roughlyenoughitems]/"
[16:15:58] [main/TRACE] [REI] [START] Reloading Section: "pre-register/DefaultRuntimePlugin of DefaultRuntimePlugin [roughlyenoughitems]/" done in 6.326 μs
[16:15:58] [main/TRACE] [REI] [START] Reloading Section: "pre-register/" done in 267.7 μs
[16:15:58] [main/TRACE] [REI] [START] Reloading Section: "start-reload/"
[16:15:58] [main/TRACE] [REI] [START] Reloading Section: "start-reload/EntryTypeRegistryImpl/"
[16:15:58] [main/TRACE] [REI] [START] Reloading Section: "start-reload/EntryTypeRegistryImpl/" done in 12.44 ms
[16:15:58] [main/TRACE] [REI] [START] Reloading Section: "start-reload/EntrySettingsAdapterRegistryImpl/"
[16:15:58] [main/TRACE] [REI] [START] Reloading Section: "start-reload/EntrySettingsAdapterRegistryImpl/" done in 10.44 μs
[16:15:58] [main/TRACE] [REI] [START] Reloading Section: "start-reload/RecipeManagerContextImpl/"
[16:15:58] [main/TRACE] [REI] [START] Reloading Section: "start-reload/RecipeManagerContextImpl/" done in 6.468 μs
[16:15:58] [main/TRACE] [REI] [START] Reloading Section: "start-reload/ItemComparatorRegistryImpl/"
[16:15:58] [main/TRACE] [REI] [START] Reloading Section: "start-reload/ItemComparatorRegistryImpl/" done in 20.65 μs
[16:15:58] [main/TRACE] [REI] [START] Reloading Section: "start-reload/FluidComparatorRegistryImpl/"
[16:15:58] [main/TRACE] [REI] [START] Reloading Section: "start-reload/FluidComparatorRegistryImpl/" done in 7.877 μs
[16:15:58] [main/TRACE] [REI] [START] Reloading Section: "start-reload/DisplaySerializerRegistryImpl/"
[16:15:58] [main/TRACE] [REI] [START] Reloading Section: "start-reload/DisplaySerializerRegistryImpl/" done in 5.088 μs
[16:15:58] [main/TRACE] [REI] [START] Reloading Section: "start-reload/FluidSupportProviderImpl/"
[16:15:58] [main/TRACE] [REI] [START] Reloading Section: "start-reload/FluidSupportProviderImpl/" done in 10.88 μs
[16:15:58] [main/TRACE] [REI] [START] Reloading Section: "start-reload/" done in 13.60 ms
[16:15:58] [main/INFO] [REI] Reloading Plugin Manager [REIPlugin] stage [START], registered 2 plugins: DefaultRuntimePlugin of DefaultRuntimePlugin [roughlyenoughitems], DefaultPluginImpl of DefaultPluginImpl [roughlyenoughitems]
[16:15:58] [main/TRACE] [REI] [START] Reloading Section: "reloadable-plugin/EntryTypeRegistryImpl/"
[16:15:58] [main/TRACE] [REI] [START] Reloading Section: "reloadable-plugin/EntryTypeRegistryImpl/DefaultPluginImpl of DefaultPluginImpl [roughlyenoughitems]/"
[16:15:58] [main/TRACE] [REI] [START] Reloading Section: "reloadable-plugin/EntryTypeRegistryImpl/DefaultPluginImpl of DefaultPluginImpl [roughlyenoughitems]/" done in 165.6 μs
[16:15:58] [main/TRACE] [REI] [START] Reloading Section: "reloadable-plugin/EntryTypeRegistryImpl/DefaultRuntimePlugin of DefaultRuntimePlugin [roughlyenoughitems]/"
[16:15:58] [main/TRACE] [REI] [START] Reloading Section: "reloadable-plugin/EntryTypeRegistryImpl/DefaultRuntimePlugin of DefaultRuntimePlugin [roughlyenoughitems]/" done in 13.90 ms
[16:15:58] [main/TRACE] [REI] [START] Reloading Section: "reloadable-plugin/EntryTypeRegistryImpl/" done in 14.86 ms
[16:15:58] [main/TRACE] [REI] [START] Reloading Section: "reloadable-plugin/EntrySettingsAdapterRegistryImpl/"
[16:15:58] [main/TRACE] [REI] [START] Reloading Section: "reloadable-plugin/EntrySettingsAdapterRegistryImpl/DefaultPluginImpl of DefaultPluginImpl [roughlyenoughitems]/"
[16:15:58] [main/TRACE] [REI] [START] Reloading Section: "reloadable-plugin/EntrySettingsAdapterRegistryImpl/DefaultPluginImpl of DefaultPluginImpl [roughlyenoughitems]/" done in 12.37 μs
[16:15:58] [main/TRACE] [REI] [START] Reloading Section: "reloadable-plugin/EntrySettingsAdapterRegistryImpl/DefaultRuntimePlugin of DefaultRuntimePlugin [roughlyenoughitems]/"
[16:15:58] [main/TRACE] [REI] [START] Reloading Section: "reloadable-plugin/EntrySettingsAdapterRegistryImpl/DefaultRuntimePlugin of DefaultRuntimePlugin [roughlyenoughitems]/" done in 11.89 μs
[16:15:58] [main/TRACE] [REI] [START] Reloading Section: "reloadable-plugin/EntrySettingsAdapterRegistryImpl/" done in 315.8 μs
[16:15:58] [main/TRACE] [REI] [START] Reloading Section: "reloadable-plugin/RecipeManagerContextImpl/"
[16:15:58] [main/TRACE] [REI] [START] Reloading Section: "reloadable-plugin/RecipeManagerContextImpl/DefaultPluginImpl of DefaultPluginImpl [roughlyenoughitems]/"
[16:15:58] [main/TRACE] [REI] [START] Reloading Section: "reloadable-plugin/RecipeManagerContextImpl/DefaultPluginImpl of DefaultPluginImpl [roughlyenoughitems]/" done in 8.759 μs
[16:15:58] [main/TRACE] [REI] [START] Reloading Section: "reloadable-plugin/RecipeManagerContextImpl/DefaultRuntimePlugin of DefaultRuntimePlugin [roughlyenoughitems]/"
[16:15:58] [main/TRACE] [REI] [START] Reloading Section: "reloadable-plugin/RecipeManagerContextImpl/DefaultRuntimePlugin of DefaultRuntimePlugin [roughlyenoughitems]/" done in 9.993 μs
[16:15:58] [main/TRACE] [REI] [START] Reloading Section: "reloadable-plugin/RecipeManagerContextImpl/" done in 265.2 μs
[16:15:58] [main/TRACE] [REI] [START] Reloading Section: "reloadable-plugin/ItemComparatorRegistryImpl/"
[16:15:58] [main/TRACE] [REI] [START] Reloading Section: "reloadable-plugin/ItemComparatorRegistryImpl/DefaultPluginImpl of DefaultPluginImpl [roughlyenoughitems]/"
[16:15:58] [main/TRACE] [REI] [START] Reloading Section: "reloadable-plugin/ItemComparatorRegistryImpl/DefaultPluginImpl of DefaultPluginImpl [roughlyenoughitems]/" done in 555.1 μs
[16:15:58] [main/TRACE] [REI] [START] Reloading Section: "reloadable-plugin/ItemComparatorRegistryImpl/DefaultRuntimePlugin of DefaultRuntimePlugin [roughlyenoughitems]/"
[16:15:58] [main/TRACE] [REI] [START] Reloading Section: "reloadable-plugin/ItemComparatorRegistryImpl/DefaultRuntimePlugin of DefaultRuntimePlugin [roughlyenoughitems]/" done in 12.97 μs
[16:15:58] [main/TRACE] [REI] [START] Reloading Section: "reloadable-plugin/ItemComparatorRegistryImpl/" done in 890.8 μs
[16:15:58] [main/TRACE] [REI] [START] Reloading Section: "reloadable-plugin/FluidComparatorRegistryImpl/"
[16:15:58] [main/TRACE] [REI] [START] Reloading Section: "reloadable-plugin/FluidComparatorRegistryImpl/DefaultPluginImpl of DefaultPluginImpl [roughlyenoughitems]/"
[16:15:58] [main/TRACE] [REI] [START] Reloading Section: "reloadable-plugin/FluidComparatorRegistryImpl/DefaultPluginImpl of DefaultPluginImpl [roughlyenoughitems]/" done in 19.04 μs
[16:15:58] [main/TRACE] [REI] [START] Reloading Section: "reloadable-plugin/FluidComparatorRegistryImpl/DefaultRuntimePlugin of DefaultRuntimePlugin [roughlyenoughitems]/"
[16:15:58] [main/TRACE] [REI] [START] Reloading Section: "reloadable-plugin/FluidComparatorRegistryImpl/DefaultRuntimePlugin of DefaultRuntimePlugin [roughlyenoughitems]/" done in 9.376 μs
[16:15:58] [main/TRACE] [REI] [START] Reloading Section: "reloadable-plugin/FluidComparatorRegistryImpl/" done in 343.7 μs
[16:15:58] [main/TRACE] [REI] [START] Reloading Section: "reloadable-plugin/DisplaySerializerRegistryImpl/"
[16:15:58] [main/TRACE] [REI] [START] Reloading Section: "reloadable-plugin/DisplaySerializerRegistryImpl/DefaultPluginImpl of DefaultPluginImpl [roughlyenoughitems]/"
[16:15:58] [main/TRACE] [REI] [START] Reloading Section: "reloadable-plugin/DisplaySerializerRegistryImpl/DefaultPluginImpl of DefaultPluginImpl [roughlyenoughitems]/" done in 9.435 μs
[16:15:58] [main/TRACE] [REI] [START] Reloading Section: "reloadable-plugin/DisplaySerializerRegistryImpl/DefaultRuntimePlugin of DefaultRuntimePlugin [roughlyenoughitems]/"
[16:15:58] [main/TRACE] [REI] [START] Reloading Section: "reloadable-plugin/DisplaySerializerRegistryImpl/DefaultRuntimePlugin of DefaultRuntimePlugin [roughlyenoughitems]/" done in 8.853 μs
[16:15:58] [main/TRACE] [REI] [START] Reloading Section: "reloadable-plugin/DisplaySerializerRegistryImpl/" done in 263.0 μs
[16:15:58] [main/TRACE] [REI] [START] Reloading Section: "reloadable-plugin/FluidSupportProviderImpl/"
[16:15:58] [main/TRACE] [REI] [START] Reloading Section: "reloadable-plugin/FluidSupportProviderImpl/DefaultPluginImpl of DefaultPluginImpl [roughlyenoughitems]/"
[16:15:58] [main/TRACE] [REI] [START] Reloading Section: "reloadable-plugin/FluidSupportProviderImpl/DefaultPluginImpl of DefaultPluginImpl [roughlyenoughitems]/" done in 530.5 μs
[16:15:58] [main/TRACE] [REI] [START] Reloading Section: "reloadable-plugin/FluidSupportProviderImpl/DefaultRuntimePlugin of DefaultRuntimePlugin [roughlyenoughitems]/"
[16:15:58] [main/TRACE] [REI] [START] Reloading Section: "reloadable-plugin/FluidSupportProviderImpl/DefaultRuntimePlugin of DefaultRuntimePlugin [roughlyenoughitems]/" done in 13.24 μs
[16:15:58] [main/TRACE] [REI] [START] Reloading Section: "reloadable-plugin/FluidSupportProviderImpl/" done in 893.6 μs
[16:15:58] [main/TRACE] [REI] [START] Reloading Section: "end-reload/"
[16:15:58] [main/TRACE] [REI] [START] Reloading Section: "end-reload/EntryTypeRegistryImpl/"
[16:15:58] [main/TRACE] [REI] [START] Reloading Section: "end-reload/EntryTypeRegistryImpl/" done in 9.165 μs
[16:15:58] [main/TRACE] [REI] [START] Reloading Section: "end-reload/EntrySettingsAdapterRegistryImpl/"
[16:15:58] [main/TRACE] [REI] [START] Reloading Section: "end-reload/EntrySettingsAdapterRegistryImpl/" done in 5.202 μs
[16:15:58] [main/TRACE] [REI] [START] Reloading Section: "end-reload/RecipeManagerContextImpl/"
[16:15:58] [main/TRACE] [REI] [START] Reloading Section: "end-reload/RecipeManagerContextImpl/" done in 5.136 μs
[16:15:58] [main/TRACE] [REI] [START] Reloading Section: "end-reload/ItemComparatorRegistryImpl/"
[16:15:58] [main/TRACE] [REI] [START] Reloading Section: "end-reload/ItemComparatorRegistryImpl/" done in 5.126 μs
[16:15:58] [main/TRACE] [REI] [START] Reloading Section: "end-reload/FluidComparatorRegistryImpl/"
[16:15:58] [main/TRACE] [REI] [START] Reloading Section: "end-reload/FluidComparatorRegistryImpl/" done in 4.776 μs
[16:15:58] [main/TRACE] [REI] [START] Reloading Section: "end-reload/DisplaySerializerRegistryImpl/"
[16:15:58] [main/TRACE] [REI] [START] Reloading Section: "end-reload/DisplaySerializerRegistryImpl/" done in 4.777 μs
[16:15:58] [main/TRACE] [REI] [START] Reloading Section: "end-reload/FluidSupportProviderImpl/"
[16:15:58] [main/TRACE] [REI] [START] Reloading Section: "end-reload/FluidSupportProviderImpl/" done in 4.934 μs
[16:15:58] [main/TRACE] [REI] [START] Reloading Section: "end-reload/" done in 822.7 μs
[16:15:58] [main/TRACE] [REI] [START] Reloading Section: "start-reload/"
[16:15:58] [main/TRACE] [REI] [START] Reloading Section: "start-reload/MenuInfoRegistryImpl/"
[16:15:58] [main/TRACE] [REI] [START] Reloading Section: "start-reload/MenuInfoRegistryImpl/" done in 5.723 μs
[16:15:58] [main/TRACE] [REI] [START] Reloading Section: "start-reload/" done in 106.6 μs
[16:15:58] [main/INFO] [REI] Reloading Plugin Manager [REIServerPlugin] stage [START], registered 2 plugins: DefaultRuntimePlugin of DefaultRuntimePlugin [roughlyenoughitems], DefaultPluginImpl of DefaultPluginImpl [roughlyenoughitems]
[16:15:58] [main/TRACE] [REI] [START] Reloading Section: "reloadable-plugin/MenuInfoRegistryImpl/"
[16:15:58] [main/TRACE] [REI] [START] Reloading Section: "reloadable-plugin/MenuInfoRegistryImpl/DefaultPluginImpl of DefaultPluginImpl [roughlyenoughitems]/"
[16:15:58] [main/TRACE] [REI] [START] Reloading Section: "reloadable-plugin/MenuInfoRegistryImpl/DefaultPluginImpl of DefaultPluginImpl [roughlyenoughitems]/" done in 8.023 μs
[16:15:58] [main/TRACE] [REI] [START] Reloading Section: "reloadable-plugin/MenuInfoRegistryImpl/DefaultRuntimePlugin of DefaultRuntimePlugin [roughlyenoughitems]/"
[16:15:58] [main/TRACE] [REI] [START] Reloading Section: "reloadable-plugin/MenuInfoRegistryImpl/DefaultRuntimePlugin of DefaultRuntimePlugin [roughlyenoughitems]/" done in 7.661 μs
[16:15:58] [main/TRACE] [REI] [START] Reloading Section: "reloadable-plugin/MenuInfoRegistryImpl/" done in 264.6 μs
[16:15:58] [main/TRACE] [REI] [START] Reloading Section: "end-reload/"
[16:15:58] [main/TRACE] [REI] [START] Reloading Section: "end-reload/MenuInfoRegistryImpl/"
[16:15:58] [main/TRACE] [REI] [START] Reloading Section: "end-reload/MenuInfoRegistryImpl/" done in 5.312 μs
[16:15:58] [main/TRACE] [REI] [START] Reloading Section: "end-reload/" done in 101.0 μs
[16:15:58] [main/TRACE] [REI] [START] Reloading Section: "post-register/"
[16:15:58] [main/TRACE] [REI] [START] Reloading Section: "post-register/DefaultPluginImpl of DefaultPluginImpl [roughlyenoughitems]/"
[16:15:58] [main/TRACE] [REI] [START] Reloading Section: "post-register/DefaultPluginImpl of DefaultPluginImpl [roughlyenoughitems]/" done in 149.1 μs
[16:15:58] [main/TRACE] [REI] [START] Reloading Section: "post-register/DefaultRuntimePlugin of DefaultRuntimePlugin [roughlyenoughitems]/"
[16:15:58] [main/TRACE] [REI] [START] Reloading Section: "post-register/DefaultRuntimePlugin of DefaultRuntimePlugin [roughlyenoughitems]/" done in 8.371 μs
[16:15:58] [main/TRACE] [REI] [START] Reloading Section: "post-register/" done in 637.8 μs
[16:15:58] [main/INFO] [REI] Reloaded Plugin Manager [REIPlugin] with 2 plugins in 49.71 ms.
[16:15:58] [main/TRACE] [REI] [START] Reloading Section: "post-register/"
[16:15:58] [main/TRACE] [REI] [START] Reloading Section: "post-register/DefaultPluginImpl of DefaultPluginImpl [roughlyenoughitems]/"
[16:15:58] [main/TRACE] [REI] [START] Reloading Section: "post-register/DefaultPluginImpl of DefaultPluginImpl [roughlyenoughitems]/" done in 8.537 μs
[16:15:58] [main/TRACE] [REI] [START] Reloading Section: "post-register/DefaultRuntimePlugin of DefaultRuntimePlugin [roughlyenoughitems]/"
[16:15:58] [main/TRACE] [REI] [START] Reloading Section: "post-register/DefaultRuntimePlugin of DefaultRuntimePlugin [roughlyenoughitems]/" done in 7.080 μs
[16:15:58] [main/TRACE] [REI] [START] Reloading Section: "post-register/" done in 246.3 μs
[16:15:58] [main/INFO] [REI] Reloaded Plugin Manager [REIServerPlugin] with 2 plugins in 1.833 ms.
[16:15:58] [main/TRACE] [REI] [END] Reloading Section: "pre-register/"
[16:15:58] [main/TRACE] [REI] [END] Reloading Section: "pre-register/DefaultPluginImpl of DefaultPluginImpl [roughlyenoughitems]/"
[16:15:58] [main/TRACE] [REI] [END] Reloading Section: "pre-register/DefaultPluginImpl of DefaultPluginImpl [roughlyenoughitems]/" done in 7.941 μs
[16:15:58] [main/TRACE] [REI] [END] Reloading Section: "pre-register/DefaultRuntimePlugin of DefaultRuntimePlugin [roughlyenoughitems]/"
[16:15:58] [main/TRACE] [REI] [END] Reloading Section: "pre-register/DefaultRuntimePlugin of DefaultRuntimePlugin [roughlyenoughitems]/" done in 6.760 μs
[16:15:58] [main/TRACE] [REI] [END] Reloading Section: "pre-register/" done in 241.4 μs
[16:15:58] [main/TRACE] [REI] [END] Reloading Section: "pre-register/"
[16:15:58] [main/TRACE] [REI] [END] Reloading Section: "pre-register/DefaultPluginImpl of DefaultPluginImpl [roughlyenoughitems]/"
[16:15:58] [main/TRACE] [REI] [END] Reloading Section: "pre-register/DefaultPluginImpl of DefaultPluginImpl [roughlyenoughitems]/" done in 6.035 μs
[16:15:58] [main/TRACE] [REI] [END] Reloading Section: "pre-register/DefaultRuntimePlugin of DefaultRuntimePlugin [roughlyenoughitems]/"
[16:15:58] [main/TRACE] [REI] [END] Reloading Section: "pre-register/DefaultRuntimePlugin of DefaultRuntimePlugin [roughlyenoughitems]/" done in 6.041 μs
[16:15:58] [main/TRACE] [REI] [END] Reloading Section: "pre-register/" done in 238.3 μs
[16:15:58] [main/TRACE] [REI] [END] Reloading Section: "start-reload/"
[16:15:58] [main/TRACE] [REI] [END] Reloading Section: "start-reload/EntryTypeRegistryImpl/"
[16:15:58] [main/TRACE] [REI] [END] Reloading Section: "start-reload/EntryTypeRegistryImpl/" done in 4.977 μs
[16:15:58] [main/TRACE] [REI] [END] Reloading Section: "start-reload/EntrySettingsAdapterRegistryImpl/"
[16:15:58] [main/TRACE] [REI] [END] Reloading Section: "start-reload/EntrySettingsAdapterRegistryImpl/" done in 11.18 μs
[16:15:58] [main/TRACE] [REI] [END] Reloading Section: "start-reload/RecipeManagerContextImpl/"
[16:15:58] [main/TRACE] [REI] [END] Reloading Section: "start-reload/RecipeManagerContextImpl/" done in 5.064 μs
[16:15:58] [main/TRACE] [REI] [END] Reloading Section: "start-reload/ItemComparatorRegistryImpl/"
[16:15:58] [main/TRACE] [REI] [END] Reloading Section: "start-reload/ItemComparatorRegistryImpl/" done in 4.235 μs
[16:15:58] [main/TRACE] [REI] [END] Reloading Section: "start-reload/FluidComparatorRegistryImpl/"
[16:15:58] [main/TRACE] [REI] [END] Reloading Section: "start-reload/FluidComparatorRegistryImpl/" done in 4.136 μs
[16:15:58] [main/TRACE] [REI] [END] Reloading Section: "start-reload/DisplaySerializerRegistryImpl/"
[16:15:58] [main/TRACE] [REI] [END] Reloading Section: "start-reload/DisplaySerializerRegistryImpl/" done in 6.551 μs
[16:15:58] [main/TRACE] [REI] [END] Reloading Section: "start-reload/FluidSupportProviderImpl/"
[16:15:58] [main/TRACE] [REI] [END] Reloading Section: "start-reload/FluidSupportProviderImpl/" done in 4.220 μs
[16:15:58] [main/TRACE] [REI] [END] Reloading Section: "start-reload/" done in 683.2 μs
[16:15:58] [main/INFO] [REI] Reloading Plugin Manager [REIPlugin] stage [END], registered 2 plugins: DefaultRuntimePlugin of DefaultRuntimePlugin [roughlyenoughitems], DefaultPluginImpl of DefaultPluginImpl [roughlyenoughitems]
[16:15:58] [main/TRACE] [REI] [END] Reloading Section: "reloadable-plugin/EntryTypeRegistryImpl/"
[16:15:58] [main/TRACE] [REI] [END] Reloading Section: "reloadable-plugin/EntryTypeRegistryImpl/DefaultPluginImpl of DefaultPluginImpl [roughlyenoughitems]/"
[16:15:58] [main/TRACE] [REI] [END] Reloading Section: "reloadable-plugin/EntryTypeRegistryImpl/DefaultPluginImpl of DefaultPluginImpl [roughlyenoughitems]/" done in 8.853 μs
[16:15:58] [main/TRACE] [REI] [END] Reloading Section: "reloadable-plugin/EntryTypeRegistryImpl/DefaultRuntimePlugin of DefaultRuntimePlugin [roughlyenoughitems]/"
[16:15:58] [main/TRACE] [REI] [END] Reloading Section: "reloadable-plugin/EntryTypeRegistryImpl/DefaultRuntimePlugin of DefaultRuntimePlugin [roughlyenoughitems]/" done in 10.03 μs
[16:15:58] [main/TRACE] [REI] [END] Reloading Section: "reloadable-plugin/EntryTypeRegistryImpl/" done in 293.2 μs
[16:15:58] [main/TRACE] [REI] [END] Reloading Section: "reloadable-plugin/EntrySettingsAdapterRegistryImpl/"
[16:15:58] [main/TRACE] [REI] [END] Reloading Section: "reloadable-plugin/EntrySettingsAdapterRegistryImpl/DefaultPluginImpl of DefaultPluginImpl [roughlyenoughitems]/"
[16:15:58] [main/TRACE] [REI] [END] Reloading Section: "reloadable-plugin/EntrySettingsAdapterRegistryImpl/DefaultPluginImpl of DefaultPluginImpl [roughlyenoughitems]/" done in 13.04 μs
[16:15:58] [main/TRACE] [REI] [END] Reloading Section: "reloadable-plugin/EntrySettingsAdapterRegistryImpl/DefaultRuntimePlugin of DefaultRuntimePlugin [roughlyenoughitems]/"
[16:15:58] [main/TRACE] [REI] [END] Reloading Section: "reloadable-plugin/EntrySettingsAdapterRegistryImpl/DefaultRuntimePlugin of DefaultRuntimePlugin [roughlyenoughitems]/" done in 9.864 μs
[16:15:58] [main/TRACE] [REI] [END] Reloading Section: "reloadable-plugin/EntrySettingsAdapterRegistryImpl/" done in 232.8 μs
[16:15:58] [main/TRACE] [REI] [END] Reloading Section: "reloadable-plugin/RecipeManagerContextImpl/"
[16:15:58] [main/TRACE] [REI] [END] Reloading Section: "reloadable-plugin/RecipeManagerContextImpl/DefaultPluginImpl of DefaultPluginImpl [roughlyenoughitems]/"
[16:15:58] [main/TRACE] [REI] [END] Reloading Section: "reloadable-plugin/RecipeManagerContextImpl/DefaultPluginImpl of DefaultPluginImpl [roughlyenoughitems]/" done in 8.166 μs
[16:15:58] [main/TRACE] [REI] [END] Reloading Section: "reloadable-plugin/RecipeManagerContextImpl/DefaultRuntimePlugin of DefaultRuntimePlugin [roughlyenoughitems]/"
[16:15:58] [main/TRACE] [REI] [END] Reloading Section: "reloadable-plugin/RecipeManagerContextImpl/DefaultRuntimePlugin of DefaultRuntimePlugin [roughlyenoughitems]/" done in 8.513 μs
[16:15:58] [main/TRACE] [REI] [END] Reloading Section: "reloadable-plugin/RecipeManagerContextImpl/" done in 217.7 μs
[16:15:58] [main/TRACE] [REI] [END] Reloading Section: "reloadable-plugin/ItemComparatorRegistryImpl/"
[16:15:58] [main/TRACE] [REI] [END] Reloading Section: "reloadable-plugin/ItemComparatorRegistryImpl/DefaultPluginImpl of DefaultPluginImpl [roughlyenoughitems]/"
[16:15:58] [main/TRACE] [REI] [END] Reloading Section: "reloadable-plugin/ItemComparatorRegistryImpl/DefaultPluginImpl of DefaultPluginImpl [roughlyenoughitems]/" done in 7.610 μs
[16:15:58] [main/TRACE] [REI] [END] Reloading Section: "reloadable-plugin/ItemComparatorRegistryImpl/DefaultRuntimePlugin of DefaultRuntimePlugin [roughlyenoughitems]/"
[16:15:58] [main/TRACE] [REI] [END] Reloading Section: "reloadable-plugin/ItemComparatorRegistryImpl/DefaultRuntimePlugin of DefaultRuntimePlugin [roughlyenoughitems]/" done in 9.766 μs
[16:15:58] [main/TRACE] [REI] [END] Reloading Section: "reloadable-plugin/ItemComparatorRegistryImpl/" done in 244.8 μs
[16:15:58] [main/TRACE] [REI] [END] Reloading Section: "reloadable-plugin/FluidComparatorRegistryImpl/"
[16:15:58] [main/TRACE] [REI] [END] Reloading Section: "reloadable-plugin/FluidComparatorRegistryImpl/DefaultPluginImpl of DefaultPluginImpl [roughlyenoughitems]/"
[16:15:58] [main/TRACE] [REI] [END] Reloading Section: "reloadable-plugin/FluidComparatorRegistryImpl/DefaultPluginImpl of DefaultPluginImpl [roughlyenoughitems]/" done in 7.870 μs
[16:15:58] [main/TRACE] [REI] [END] Reloading Section: "reloadable-plugin/FluidComparatorRegistryImpl/DefaultRuntimePlugin of DefaultRuntimePlugin [roughlyenoughitems]/"
[16:15:58] [main/TRACE] [REI] [END] Reloading Section: "reloadable-plugin/FluidComparatorRegistryImpl/DefaultRuntimePlugin of DefaultRuntimePlugin [roughlyenoughitems]/" done in 8.546 μs
[16:15:58] [main/TRACE] [REI] [END] Reloading Section: "reloadable-plugin/FluidComparatorRegistryImpl/" done in 217.9 μs
[16:15:58] [main/TRACE] [REI] [END] Reloading Section: "reloadable-plugin/DisplaySerializerRegistryImpl/"
[16:15:58] [main/TRACE] [REI] [END] Reloading Section: "reloadable-plugin/DisplaySerializerRegistryImpl/DefaultPluginImpl of DefaultPluginImpl [roughlyenoughitems]/"
[16:15:58] [main/TRACE] [REI] [END] Reloading Section: "reloadable-plugin/DisplaySerializerRegistryImpl/DefaultPluginImpl of DefaultPluginImpl [roughlyenoughitems]/" done in 19.89 ms
[16:15:58] [main/TRACE] [REI] [END] Reloading Section: "reloadable-plugin/DisplaySerializerRegistryImpl/DefaultRuntimePlugin of DefaultRuntimePlugin [roughlyenoughitems]/"
[16:15:58] [main/TRACE] [REI] [END] Reloading Section: "reloadable-plugin/DisplaySerializerRegistryImpl/DefaultRuntimePlugin of DefaultRuntimePlugin [roughlyenoughitems]/" done in 20.55 μs
[16:15:58] [main/TRACE] [REI] [END] Reloading Section: "reloadable-plugin/DisplaySerializerRegistryImpl/" done in 20.38 ms
[16:15:58] [main/TRACE] [REI] [END] Reloading Section: "reloadable-plugin/FluidSupportProviderImpl/"
[16:15:58] [main/TRACE] [REI] [END] Reloading Section: "reloadable-plugin/FluidSupportProviderImpl/DefaultPluginImpl of DefaultPluginImpl [roughlyenoughitems]/"
[16:15:58] [main/TRACE] [REI] [END] Reloading Section: "reloadable-plugin/FluidSupportProviderImpl/DefaultPluginImpl of DefaultPluginImpl [roughlyenoughitems]/" done in 9.999 μs
[16:15:58] [main/TRACE] [REI] [END] Reloading Section: "reloadable-plugin/FluidSupportProviderImpl/DefaultRuntimePlugin of DefaultRuntimePlugin [roughlyenoughitems]/"
[16:15:58] [main/TRACE] [REI] [END] Reloading Section: "reloadable-plugin/FluidSupportProviderImpl/DefaultRuntimePlugin of DefaultRuntimePlugin [roughlyenoughitems]/" done in 8.416 μs
[16:15:58] [main/TRACE] [REI] [END] Reloading Section: "reloadable-plugin/FluidSupportProviderImpl/" done in 235.3 μs
[16:15:58] [main/TRACE] [REI] [END] Reloading Section: "end-reload/"
[16:15:58] [main/TRACE] [REI] [END] Reloading Section: "end-reload/EntryTypeRegistryImpl/"
[16:15:58] [main/TRACE] [REI] [END] Reloading Section: "end-reload/EntryTypeRegistryImpl/" done in 4.100 μs
[16:15:58] [main/TRACE] [REI] [END] Reloading Section: "end-reload/EntrySettingsAdapterRegistryImpl/"
[16:15:58] [main/TRACE] [REI] [END] Reloading Section: "end-reload/EntrySettingsAdapterRegistryImpl/" done in 3.809 μs
[16:15:58] [main/TRACE] [REI] [END] Reloading Section: "end-reload/RecipeManagerContextImpl/"
[16:15:58] [main/TRACE] [REI] [END] Reloading Section: "end-reload/RecipeManagerContextImpl/" done in 3.699 μs
[16:15:58] [main/TRACE] [REI] [END] Reloading Section: "end-reload/ItemComparatorRegistryImpl/"
[16:15:58] [main/TRACE] [REI] [END] Reloading Section: "end-reload/ItemComparatorRegistryImpl/" done in 3.903 μs
[16:15:58] [main/TRACE] [REI] [END] Reloading Section: "end-reload/FluidComparatorRegistryImpl/"
[16:15:58] [main/TRACE] [REI] [END] Reloading Section: "end-reload/FluidComparatorRegistryImpl/" done in 3.769 μs
[16:15:58] [main/TRACE] [REI] [END] Reloading Section: "end-reload/DisplaySerializerRegistryImpl/"
[16:15:58] [main/TRACE] [REI] [END] Reloading Section: "end-reload/DisplaySerializerRegistryImpl/" done in 3.484 μs
[16:15:58] [main/TRACE] [REI] [END] Reloading Section: "end-reload/FluidSupportProviderImpl/"
[16:15:58] [main/TRACE] [REI] [END] Reloading Section: "end-reload/FluidSupportProviderImpl/" done in 3.875 μs
[16:15:58] [main/TRACE] [REI] [END] Reloading Section: "end-reload/" done in 547.2 μs
[16:15:58] [main/TRACE] [REI] [END] Reloading Section: "start-reload/"
[16:15:58] [main/TRACE] [REI] [END] Reloading Section: "start-reload/MenuInfoRegistryImpl/"
[16:15:58] [main/TRACE] [REI] [END] Reloading Section: "start-reload/MenuInfoRegistryImpl/" done in 13.46 μs
[16:15:58] [main/TRACE] [REI] [END] Reloading Section: "start-reload/" done in 105.4 μs
[16:15:58] [main/INFO] [REI] Reloading Plugin Manager [REIServerPlugin] stage [END], registered 2 plugins: DefaultRuntimePlugin of DefaultRuntimePlugin [roughlyenoughitems], DefaultPluginImpl of DefaultPluginImpl [roughlyenoughitems]
[16:15:58] [main/TRACE] [REI] [END] Reloading Section: "reloadable-plugin/MenuInfoRegistryImpl/"
[16:15:58] [main/TRACE] [REI] [END] Reloading Section: "reloadable-plugin/MenuInfoRegistryImpl/DefaultPluginImpl of DefaultPluginImpl [roughlyenoughitems]/"
[16:15:58] [main/DEBUG] [REI] Added menu info for class net.minecraft.world.inventory.CraftingMenu [minecraft:plugins/crafting]: me.shedaniel.rei.api.common.transfer.info.simple.SimpleMenuInfoProvider$$Lambda$7192/0x00007f67c4ef8440@51547dd6
[16:15:58] [main/DEBUG] [REI] Added menu info for class net.minecraft.world.inventory.InventoryMenu [minecraft:plugins/crafting]: me.shedaniel.rei.api.common.transfer.info.simple.SimpleMenuInfoProvider$$Lambda$7192/0x00007f67c4ef8440@3c4bea67
[16:15:58] [main/DEBUG] [REI] Added menu info for class net.minecraft.world.inventory.FurnaceMenu [minecraft:plugins/smelting]: me.shedaniel.rei.api.common.transfer.info.simple.SimpleMenuInfoProvider$$Lambda$7192/0x00007f67c4ef8440@5d8eb22e
[16:15:58] [main/DEBUG] [REI] Added menu info for class net.minecraft.world.inventory.SmokerMenu [minecraft:plugins/smoking]: me.shedaniel.rei.api.common.transfer.info.simple.SimpleMenuInfoProvider$$Lambda$7192/0x00007f67c4ef8440@681dca89
[16:15:58] [main/DEBUG] [REI] Added menu info for class net.minecraft.world.inventory.BlastFurnaceMenu [minecraft:plugins/blasting]: me.shedaniel.rei.api.common.transfer.info.simple.SimpleMenuInfoProvider$$Lambda$7192/0x00007f67c4ef8440@12acfbf2
[16:15:58] [main/TRACE] [REI] [END] Reloading Section: "reloadable-plugin/MenuInfoRegistryImpl/DefaultPluginImpl of DefaultPluginImpl [roughlyenoughitems]/" done in 5.526 ms
[16:15:58] [main/TRACE] [REI] [END] Reloading Section: "reloadable-plugin/MenuInfoRegistryImpl/DefaultRuntimePlugin of DefaultRuntimePlugin [roughlyenoughitems]/"
[16:15:58] [main/TRACE] [REI] [END] Reloading Section: "reloadable-plugin/MenuInfoRegistryImpl/DefaultRuntimePlugin of DefaultRuntimePlugin [roughlyenoughitems]/" done in 13.96 μs
[16:15:58] [main/TRACE] [REI] [END] Reloading Section: "reloadable-plugin/MenuInfoRegistryImpl/" done in 5.795 ms
[16:15:58] [main/TRACE] [REI] [END] Reloading Section: "end-reload/"
[16:15:58] [main/TRACE] [REI] [END] Reloading Section: "end-reload/MenuInfoRegistryImpl/"
[16:15:58] [main/DEBUG] [REI] Registered 4 menu infos
[16:15:58] [main/TRACE] [REI] [END] Reloading Section: "end-reload/MenuInfoRegistryImpl/" done in 56.43 μs
[16:15:58] [main/TRACE] [REI] [END] Reloading Section: "end-reload/" done in 149.1 μs
[16:15:58] [main/TRACE] [REI] [END] Reloading Section: "post-register/"
[16:15:58] [main/TRACE] [REI] [END] Reloading Section: "post-register/DefaultPluginImpl of DefaultPluginImpl [roughlyenoughitems]/"
[16:15:58] [main/TRACE] [REI] [END] Reloading Section: "post-register/DefaultPluginImpl of DefaultPluginImpl [roughlyenoughitems]/" done in 9.444 μs
[16:15:58] [main/TRACE] [REI] [END] Reloading Section: "post-register/DefaultRuntimePlugin of DefaultRuntimePlugin [roughlyenoughitems]/"
[16:15:58] [main/TRACE] [REI] [END] Reloading Section: "post-register/DefaultRuntimePlugin of DefaultRuntimePlugin [roughlyenoughitems]/" done in 6.482 μs
[16:15:58] [main/TRACE] [REI] [END] Reloading Section: "post-register/" done in 213.8 μs
[16:15:58] [main/INFO] [REI] Reloaded Plugin Manager [REIPlugin] with 2 plugins in 24.81 ms.
[16:15:58] [main/TRACE] [REI] [END] Reloading Section: "post-register/"
[16:15:58] [main/TRACE] [REI] [END] Reloading Section: "post-register/DefaultPluginImpl of DefaultPluginImpl [roughlyenoughitems]/"
[16:15:58] [main/TRACE] [REI] [END] Reloading Section: "post-register/DefaultPluginImpl of DefaultPluginImpl [roughlyenoughitems]/" done in 8.329 μs
[16:15:58] [main/TRACE] [REI] [END] Reloading Section: "post-register/DefaultRuntimePlugin of DefaultRuntimePlugin [roughlyenoughitems]/"
[16:15:58] [main/TRACE] [REI] [END] Reloading Section: "post-register/DefaultRuntimePlugin of DefaultRuntimePlugin [roughlyenoughitems]/" done in 5.758 μs
[16:15:58] [main/TRACE] [REI] [END] Reloading Section: "post-register/" done in 222.6 μs
[16:15:58] [main/INFO] [REI] Reloaded Plugin Manager [REIServerPlugin] with 2 plugins in 7.233 ms.
